{"/home/mamang/Projects/ui-lib/src/components/Autocomplete/Autocomplete.module.css": {"path":"/home/mamang/Projects/ui-lib/src/components/Autocomplete/Autocomplete.module.css","statementMap":{},"fnMap":{},"branchMap":{},"s":{},"f":{},"b":{},"meta":{"lastBranch":0,"lastFunction":0,"lastStatement":0,"seen":{}}}
,"/home/mamang/Projects/ui-lib/src/components/Autocomplete/Autocomplete.tsx": {"path":"/home/mamang/Projects/ui-lib/src/components/Autocomplete/Autocomplete.tsx","statementMap":{"0":{"start":{"line":23,"column":66},"end":{"line":27,"column":null}},"1":{"start":{"line":29,"column":72},"end":{"line":33,"column":null}},"2":{"start":{"line":66,"column":24},"end":{"line":73,"column":null}},"3":{"start":{"line":67,"column":21},"end":{"line":67,"column":null}},"4":{"start":{"line":68,"column":2},"end":{"line":71,"column":null}},"5":{"start":{"line":101,"column":28},"end":{"line":417,"column":null}},"6":{"start":{"line":118,"column":23},"end":{"line":118,"column":null}},"7":{"start":{"line":119,"column":48},"end":{"line":121,"column":null}},"8":{"start":{"line":122,"column":23},"end":{"line":122,"column":null}},"9":{"start":{"line":125,"column":34},"end":{"line":125,"column":null}},"10":{"start":{"line":126,"column":26},"end":{"line":126,"column":null}},"11":{"start":{"line":127,"column":46},"end":{"line":127,"column":null}},"12":{"start":{"line":130,"column":8},"end":{"line":130,"column":null}},"13":{"start":{"line":131,"column":8},"end":{"line":131,"column":null}},"14":{"start":{"line":132,"column":8},"end":{"line":132,"column":null}},"15":{"start":{"line":135,"column":26},"end":{"line":137,"column":null}},"16":{"start":{"line":136,"column":31},"end":{"line":136,"column":59}},"17":{"start":{"line":140,"column":63},"end":{"line":140,"column":null}},"18":{"start":{"line":141,"column":2},"end":{"line":147,"column":null}},"19":{"start":{"line":142,"column":21},"end":{"line":142,"column":null}},"20":{"start":{"line":143,"column":4},"end":{"line":145,"column":null}},"21":{"start":{"line":144,"column":6},"end":{"line":144,"column":null}},"22":{"start":{"line":146,"column":4},"end":{"line":146,"column":null}},"23":{"start":{"line":150,"column":25},"end":{"line":150,"column":null}},"24":{"start":{"line":153,"column":8},"end":{"line":176,"column":null}},"25":{"start":{"line":154,"column":4},"end":{"line":154,"column":null}},"26":{"start":{"line":154,"column":25},"end":{"line":154,"column":null}},"27":{"start":{"line":158,"column":4},"end":{"line":169,"column":null}},"28":{"start":{"line":159,"column":21},"end":{"line":159,"column":null}},"29":{"start":{"line":160,"column":6},"end":{"line":164,"column":null}},"30":{"start":{"line":161,"column":8},"end":{"line":161,"column":null}},"31":{"start":{"line":161,"column":38},"end":{"line":161,"column":56}},"32":{"start":{"line":163,"column":8},"end":{"line":163,"column":null}},"33":{"start":{"line":166,"column":6},"end":{"line":166,"column":null}},"34":{"start":{"line":167,"column":6},"end":{"line":167,"column":null}},"35":{"start":{"line":168,"column":6},"end":{"line":168,"column":null}},"36":{"start":{"line":171,"column":4},"end":{"line":173,"column":null}},"37":{"start":{"line":172,"column":6},"end":{"line":172,"column":null}},"38":{"start":{"line":175,"column":4},"end":{"line":175,"column":null}},"39":{"start":{"line":179,"column":8},"end":{"line":190,"column":null}},"40":{"start":{"line":180,"column":4},"end":{"line":180,"column":null}},"41":{"start":{"line":180,"column":19},"end":{"line":180,"column":null}},"42":{"start":{"line":182,"column":19},"end":{"line":182,"column":null}},"43":{"start":{"line":183,"column":21},"end":{"line":183,"column":null}},"44":{"start":{"line":183,"column":40},"end":{"line":183,"column":59}},"45":{"start":{"line":185,"column":4},"end":{"line":187,"column":null}},"46":{"start":{"line":186,"column":6},"end":{"line":186,"column":null}},"47":{"start":{"line":189,"column":4},"end":{"line":189,"column":null}},"48":{"start":{"line":193,"column":28},"end":{"line":198,"column":null}},"49":{"start":{"line":194,"column":21},"end":{"line":194,"column":null}},"50":{"start":{"line":195,"column":4},"end":{"line":195,"column":null}},"51":{"start":{"line":196,"column":4},"end":{"line":196,"column":null}},"52":{"start":{"line":197,"column":4},"end":{"line":197,"column":null}},"53":{"start":{"line":201,"column":27},"end":{"line":205,"column":null}},"54":{"start":{"line":202,"column":4},"end":{"line":204,"column":null}},"55":{"start":{"line":203,"column":6},"end":{"line":203,"column":null}},"56":{"start":{"line":208,"column":24},"end":{"line":247,"column":null}},"57":{"start":{"line":209,"column":4},"end":{"line":213,"column":null}},"58":{"start":{"line":210,"column":6},"end":{"line":210,"column":null}},"59":{"start":{"line":211,"column":6},"end":{"line":211,"column":null}},"60":{"start":{"line":212,"column":6},"end":{"line":212,"column":null}},"61":{"start":{"line":215,"column":4},"end":{"line":215,"column":null}},"62":{"start":{"line":215,"column":17},"end":{"line":215,"column":null}},"63":{"start":{"line":217,"column":4},"end":{"line":246,"column":null}},"64":{"start":{"line":219,"column":8},"end":{"line":219,"column":null}},"65":{"start":{"line":220,"column":8},"end":{"line":222,"column":null}},"66":{"start":{"line":221,"column":10},"end":{"line":221,"column":null}},"67":{"start":{"line":223,"column":8},"end":{"line":223,"column":null}},"68":{"start":{"line":226,"column":8},"end":{"line":226,"column":null}},"69":{"start":{"line":227,"column":8},"end":{"line":227,"column":null}},"70":{"start":{"line":227,"column":37},"end":{"line":227,"column":61}},"71":{"start":{"line":228,"column":8},"end":{"line":228,"column":null}},"72":{"start":{"line":231,"column":8},"end":{"line":231,"column":null}},"73":{"start":{"line":232,"column":8},"end":{"line":234,"column":null}},"74":{"start":{"line":233,"column":10},"end":{"line":233,"column":null}},"75":{"start":{"line":235,"column":8},"end":{"line":235,"column":null}},"76":{"start":{"line":238,"column":8},"end":{"line":238,"column":null}},"77":{"start":{"line":239,"column":8},"end":{"line":239,"column":null}},"78":{"start":{"line":240,"column":8},"end":{"line":240,"column":null}},"79":{"start":{"line":241,"column":8},"end":{"line":241,"column":null}},"80":{"start":{"line":244,"column":8},"end":{"line":244,"column":null}},"81":{"start":{"line":245,"column":8},"end":{"line":245,"column":null}},"82":{"start":{"line":250,"column":2},"end":{"line":259,"column":null}},"83":{"start":{"line":251,"column":31},"end":{"line":255,"column":null}},"84":{"start":{"line":252,"column":6},"end":{"line":254,"column":null}},"85":{"start":{"line":253,"column":8},"end":{"line":253,"column":null}},"86":{"start":{"line":257,"column":4},"end":{"line":257,"column":null}},"87":{"start":{"line":258,"column":4},"end":{"line":258,"column":null}},"88":{"start":{"line":258,"column":17},"end":{"line":258,"column":null}},"89":{"start":{"line":262,"column":2},"end":{"line":269,"column":null}},"90":{"start":{"line":263,"column":4},"end":{"line":268,"column":null}},"91":{"start":{"line":264,"column":30},"end":{"line":264,"column":null}},"92":{"start":{"line":265,"column":6},"end":{"line":267,"column":null}},"93":{"start":{"line":266,"column":8},"end":{"line":266,"column":null}},"94":{"start":{"line":272,"column":26},"end":{"line":272,"column":null}},"95":{"start":{"line":272,"column":48},"end":{"line":272,"column":82}},"96":{"start":{"line":274,"column":20},"end":{"line":274,"column":null}},"97":{"start":{"line":275,"column":24},"end":{"line":275,"column":null}},"98":{"start":{"line":277,"column":2},"end":{"line":415,"column":null}},"99":{"start":{"line":291,"column":14},"end":{"line":301,"column":null}},"100":{"start":{"line":296,"column":33},"end":{"line":296,"column":null}},"101":{"start":{"line":367,"column":14},"end":{"line":410,"column":null}},"102":{"start":{"line":370,"column":38},"end":{"line":370,"column":null}},"103":{"start":{"line":371,"column":40},"end":{"line":371,"column":null}},"104":{"start":{"line":372,"column":37},"end":{"line":372,"column":null}},"105":{"start":{"line":374,"column":18},"end":{"line":407,"column":null}},"106":{"start":{"line":386,"column":37},"end":{"line":386,"column":null}},"107":{"start":{"line":387,"column":42},"end":{"line":387,"column":null}},"108":{"start":{"line":419,"column":0},"end":{"line":419,"column":null}}},"fnMap":{"0":{"name":"(anonymous_0)","decl":{"start":{"line":66,"column":24},"end":{"line":66,"column":25}},"loc":{"start":{"line":66,"column":80},"end":{"line":73,"column":null}},"line":66},"1":{"name":"(anonymous_1)","decl":{"start":{"line":101,"column":28},"end":{"line":101,"column":29}},"loc":{"start":{"line":116,"column":25},"end":{"line":417,"column":null}},"line":116},"2":{"name":"(anonymous_2)","decl":{"start":{"line":136,"column":21},"end":{"line":136,"column":31}},"loc":{"start":{"line":136,"column":31},"end":{"line":136,"column":59}},"line":136},"3":{"name":"(anonymous_3)","decl":{"start":{"line":141,"column":26},"end":{"line":141,"column":36}},"loc":{"start":{"line":141,"column":36},"end":{"line":147,"column":3}},"line":141},"4":{"name":"(anonymous_4)","decl":{"start":{"line":153,"column":35},"end":{"line":153,"column":36}},"loc":{"start":{"line":153,"column":67},"end":{"line":176,"column":5}},"line":153},"5":{"name":"(anonymous_5)","decl":{"start":{"line":161,"column":33},"end":{"line":161,"column":38}},"loc":{"start":{"line":161,"column":38},"end":{"line":161,"column":56}},"line":161},"6":{"name":"(anonymous_6)","decl":{"start":{"line":179,"column":35},"end":{"line":179,"column":36}},"loc":{"start":{"line":179,"column":62},"end":{"line":190,"column":5}},"line":179},"7":{"name":"(anonymous_7)","decl":{"start":{"line":183,"column":35},"end":{"line":183,"column":40}},"loc":{"start":{"line":183,"column":40},"end":{"line":183,"column":59}},"line":183},"8":{"name":"(anonymous_8)","decl":{"start":{"line":193,"column":28},"end":{"line":193,"column":29}},"loc":{"start":{"line":193,"column":72},"end":{"line":198,"column":null}},"line":193},"9":{"name":"(anonymous_9)","decl":{"start":{"line":201,"column":27},"end":{"line":201,"column":33}},"loc":{"start":{"line":201,"column":33},"end":{"line":205,"column":null}},"line":201},"10":{"name":"(anonymous_10)","decl":{"start":{"line":208,"column":24},"end":{"line":208,"column":25}},"loc":{"start":{"line":208,"column":52},"end":{"line":247,"column":null}},"line":208},"11":{"name":"(anonymous_11)","decl":{"start":{"line":220,"column":28},"end":{"line":220,"column":null}},"loc":{"start":{"line":221,"column":10},"end":{"line":221,"column":null}},"line":221},"12":{"name":"(anonymous_12)","decl":{"start":{"line":227,"column":28},"end":{"line":227,"column":37}},"loc":{"start":{"line":227,"column":37},"end":{"line":227,"column":61}},"line":227},"13":{"name":"(anonymous_13)","decl":{"start":{"line":250,"column":12},"end":{"line":250,"column":18}},"loc":{"start":{"line":250,"column":18},"end":{"line":259,"column":5}},"line":250},"14":{"name":"(anonymous_14)","decl":{"start":{"line":251,"column":31},"end":{"line":251,"column":32}},"loc":{"start":{"line":251,"column":54},"end":{"line":255,"column":null}},"line":251},"15":{"name":"(anonymous_15)","decl":{"start":{"line":258,"column":11},"end":{"line":258,"column":17}},"loc":{"start":{"line":258,"column":17},"end":{"line":258,"column":null}},"line":258},"16":{"name":"(anonymous_16)","decl":{"start":{"line":262,"column":12},"end":{"line":262,"column":18}},"loc":{"start":{"line":262,"column":18},"end":{"line":269,"column":5}},"line":262},"17":{"name":"(anonymous_17)","decl":{"start":{"line":272,"column":41},"end":{"line":272,"column":48}},"loc":{"start":{"line":272,"column":48},"end":{"line":272,"column":82}},"line":272},"18":{"name":"(anonymous_18)","decl":{"start":{"line":290,"column":33},"end":{"line":290,"column":null}},"loc":{"start":{"line":291,"column":14},"end":{"line":301,"column":null}},"line":291},"19":{"name":"(anonymous_19)","decl":{"start":{"line":296,"column":27},"end":{"line":296,"column":33}},"loc":{"start":{"line":296,"column":33},"end":{"line":296,"column":null}},"line":296},"20":{"name":"(anonymous_20)","decl":{"start":{"line":366,"column":47},"end":{"line":366,"column":48}},"loc":{"start":{"line":367,"column":14},"end":{"line":410,"column":null}},"line":367},"21":{"name":"(anonymous_21)","decl":{"start":{"line":369,"column":37},"end":{"line":369,"column":38}},"loc":{"start":{"line":369,"column":49},"end":{"line":409,"column":17}},"line":369},"22":{"name":"(anonymous_22)","decl":{"start":{"line":386,"column":31},"end":{"line":386,"column":37}},"loc":{"start":{"line":386,"column":37},"end":{"line":386,"column":null}},"line":386},"23":{"name":"(anonymous_23)","decl":{"start":{"line":387,"column":36},"end":{"line":387,"column":42}},"loc":{"start":{"line":387,"column":42},"end":{"line":387,"column":null}},"line":387}},"branchMap":{"0":{"loc":{"start":{"line":69,"column":4},"end":{"line":71,"column":null}},"type":"binary-expr","locations":[{"start":{"line":69,"column":4},"end":{"line":69,"column":null}},{"start":{"line":70,"column":4},"end":{"line":70,"column":null}},{"start":{"line":71,"column":5},"end":{"line":71,"column":63}},{"start":{"line":71,"column":63},"end":{"line":71,"column":null}}],"line":69},"1":{"loc":{"start":{"line":106,"column":2},"end":{"line":106,"column":null}},"type":"default-arg","locations":[{"start":{"line":106,"column":16},"end":{"line":106,"column":null}}],"line":106},"2":{"loc":{"start":{"line":107,"column":2},"end":{"line":107,"column":null}},"type":"default-arg","locations":[{"start":{"line":107,"column":12},"end":{"line":107,"column":null}}],"line":107},"3":{"loc":{"start":{"line":108,"column":2},"end":{"line":108,"column":null}},"type":"default-arg","locations":[{"start":{"line":108,"column":13},"end":{"line":108,"column":null}}],"line":108},"4":{"loc":{"start":{"line":109,"column":2},"end":{"line":109,"column":null}},"type":"default-arg","locations":[{"start":{"line":109,"column":9},"end":{"line":109,"column":null}}],"line":109},"5":{"loc":{"start":{"line":110,"column":2},"end":{"line":110,"column":null}},"type":"default-arg","locations":[{"start":{"line":110,"column":13},"end":{"line":110,"column":null}}],"line":110},"6":{"loc":{"start":{"line":111,"column":2},"end":{"line":111,"column":null}},"type":"default-arg","locations":[{"start":{"line":111,"column":17},"end":{"line":111,"column":null}}],"line":111},"7":{"loc":{"start":{"line":112,"column":2},"end":{"line":112,"column":null}},"type":"default-arg","locations":[{"start":{"line":112,"column":13},"end":{"line":112,"column":null}}],"line":112},"8":{"loc":{"start":{"line":113,"column":2},"end":{"line":113,"column":null}},"type":"default-arg","locations":[{"start":{"line":113,"column":13},"end":{"line":113,"column":null}}],"line":113},"9":{"loc":{"start":{"line":114,"column":2},"end":{"line":114,"column":null}},"type":"default-arg","locations":[{"start":{"line":114,"column":14},"end":{"line":114,"column":null}}],"line":114},"10":{"loc":{"start":{"line":115,"column":16},"end":{"line":115,"column":null}},"type":"default-arg","locations":[{"start":{"line":115,"column":28},"end":{"line":115,"column":null}}],"line":115},"11":{"loc":{"start":{"line":120,"column":4},"end":{"line":120,"column":null}},"type":"binary-expr","locations":[{"start":{"line":120,"column":4},"end":{"line":120,"column":21}},{"start":{"line":120,"column":21},"end":{"line":120,"column":null}}],"line":120},"12":{"loc":{"start":{"line":120,"column":21},"end":{"line":120,"column":null}},"type":"cond-expr","locations":[{"start":{"line":120,"column":32},"end":{"line":120,"column":37}},{"start":{"line":120,"column":37},"end":{"line":120,"column":null}}],"line":120},"13":{"loc":{"start":{"line":122,"column":23},"end":{"line":122,"column":null}},"type":"cond-expr","locations":[{"start":{"line":122,"column":38},"end":{"line":122,"column":56}},{"start":{"line":122,"column":56},"end":{"line":122,"column":null}}],"line":122},"14":{"loc":{"start":{"line":135,"column":26},"end":{"line":137,"column":null}},"type":"cond-expr","locations":[{"start":{"line":136,"column":6},"end":{"line":136,"column":null}},{"start":{"line":137,"column":6},"end":{"line":137,"column":null}}],"line":135},"15":{"loc":{"start":{"line":142,"column":21},"end":{"line":142,"column":null}},"type":"binary-expr","locations":[{"start":{"line":142,"column":21},"end":{"line":142,"column":40}},{"start":{"line":142,"column":40},"end":{"line":142,"column":null}}],"line":142},"16":{"loc":{"start":{"line":143,"column":4},"end":{"line":145,"column":null}},"type":"if","locations":[{"start":{"line":143,"column":4},"end":{"line":145,"column":null}},{"start":{},"end":{}}],"line":143},"17":{"loc":{"start":{"line":150,"column":25},"end":{"line":150,"column":null}},"type":"cond-expr","locations":[{"start":{"line":150,"column":55},"end":{"line":150,"column":70}},{"start":{"line":150,"column":70},"end":{"line":150,"column":null}}],"line":150},"18":{"loc":{"start":{"line":150,"column":70},"end":{"line":150,"column":null}},"type":"cond-expr","locations":[{"start":{"line":150,"column":85},"end":{"line":150,"column":102}},{"start":{"line":150,"column":102},"end":{"line":150,"column":null}}],"line":150},"19":{"loc":{"start":{"line":154,"column":4},"end":{"line":154,"column":null}},"type":"if","locations":[{"start":{"line":154,"column":4},"end":{"line":154,"column":null}},{"start":{},"end":{}}],"line":154},"20":{"loc":{"start":{"line":158,"column":4},"end":{"line":169,"column":null}},"type":"if","locations":[{"start":{"line":158,"column":4},"end":{"line":169,"column":null}},{"start":{"line":165,"column":11},"end":{"line":169,"column":null}}],"line":158},"21":{"loc":{"start":{"line":159,"column":21},"end":{"line":159,"column":null}},"type":"cond-expr","locations":[{"start":{"line":159,"column":51},"end":{"line":159,"column":66}},{"start":{"line":159,"column":66},"end":{"line":159,"column":null}}],"line":159},"22":{"loc":{"start":{"line":160,"column":6},"end":{"line":164,"column":null}},"type":"if","locations":[{"start":{"line":160,"column":6},"end":{"line":164,"column":null}},{"start":{"line":162,"column":13},"end":{"line":164,"column":null}}],"line":160},"23":{"loc":{"start":{"line":171,"column":4},"end":{"line":173,"column":null}},"type":"if","locations":[{"start":{"line":171,"column":4},"end":{"line":173,"column":null}},{"start":{},"end":{}}],"line":171},"24":{"loc":{"start":{"line":180,"column":4},"end":{"line":180,"column":null}},"type":"if","locations":[{"start":{"line":180,"column":4},"end":{"line":180,"column":null}},{"start":{},"end":{}}],"line":180},"25":{"loc":{"start":{"line":182,"column":19},"end":{"line":182,"column":null}},"type":"cond-expr","locations":[{"start":{"line":182,"column":49},"end":{"line":182,"column":64}},{"start":{"line":182,"column":64},"end":{"line":182,"column":null}}],"line":182},"26":{"loc":{"start":{"line":185,"column":4},"end":{"line":187,"column":null}},"type":"if","locations":[{"start":{"line":185,"column":4},"end":{"line":187,"column":null}},{"start":{},"end":{}}],"line":185},"27":{"loc":{"start":{"line":202,"column":4},"end":{"line":204,"column":null}},"type":"if","locations":[{"start":{"line":202,"column":4},"end":{"line":204,"column":null}},{"start":{},"end":{}}],"line":202},"28":{"loc":{"start":{"line":209,"column":4},"end":{"line":213,"column":null}},"type":"if","locations":[{"start":{"line":209,"column":4},"end":{"line":213,"column":null}},{"start":{},"end":{}}],"line":209},"29":{"loc":{"start":{"line":209,"column":8},"end":{"line":209,"column":67}},"type":"binary-expr","locations":[{"start":{"line":209,"column":8},"end":{"line":209,"column":20}},{"start":{"line":209,"column":20},"end":{"line":209,"column":45}},{"start":{"line":209,"column":45},"end":{"line":209,"column":67}}],"line":209},"30":{"loc":{"start":{"line":215,"column":4},"end":{"line":215,"column":null}},"type":"if","locations":[{"start":{"line":215,"column":4},"end":{"line":215,"column":null}},{"start":{},"end":{}}],"line":215},"31":{"loc":{"start":{"line":217,"column":4},"end":{"line":246,"column":null}},"type":"switch","locations":[{"start":{"line":218,"column":6},"end":{"line":223,"column":null}},{"start":{"line":225,"column":6},"end":{"line":228,"column":null}},{"start":{"line":230,"column":6},"end":{"line":235,"column":null}},{"start":{"line":237,"column":6},"end":{"line":241,"column":null}},{"start":{"line":243,"column":6},"end":{"line":245,"column":null}}],"line":217},"32":{"loc":{"start":{"line":221,"column":10},"end":{"line":221,"column":null}},"type":"cond-expr","locations":[{"start":{"line":221,"column":46},"end":{"line":221,"column":57}},{"start":{"line":221,"column":57},"end":{"line":221,"column":null}}],"line":221},"33":{"loc":{"start":{"line":227,"column":37},"end":{"line":227,"column":61}},"type":"cond-expr","locations":[{"start":{"line":227,"column":48},"end":{"line":227,"column":59}},{"start":{"line":227,"column":59},"end":{"line":227,"column":61}}],"line":227},"34":{"loc":{"start":{"line":232,"column":8},"end":{"line":234,"column":null}},"type":"if","locations":[{"start":{"line":232,"column":8},"end":{"line":234,"column":null}},{"start":{},"end":{}}],"line":232},"35":{"loc":{"start":{"line":232,"column":12},"end":{"line":232,"column":80}},"type":"binary-expr","locations":[{"start":{"line":232,"column":12},"end":{"line":232,"column":37}},{"start":{"line":232,"column":37},"end":{"line":232,"column":80}}],"line":232},"36":{"loc":{"start":{"line":252,"column":6},"end":{"line":254,"column":null}},"type":"if","locations":[{"start":{"line":252,"column":6},"end":{"line":254,"column":null}},{"start":{},"end":{}}],"line":252},"37":{"loc":{"start":{"line":252,"column":10},"end":{"line":252,"column":88}},"type":"binary-expr","locations":[{"start":{"line":252,"column":10},"end":{"line":252,"column":34}},{"start":{"line":252,"column":34},"end":{"line":252,"column":88}}],"line":252},"38":{"loc":{"start":{"line":263,"column":4},"end":{"line":268,"column":null}},"type":"if","locations":[{"start":{"line":263,"column":4},"end":{"line":268,"column":null}},{"start":{},"end":{}}],"line":263},"39":{"loc":{"start":{"line":263,"column":8},"end":{"line":263,"column":54}},"type":"binary-expr","locations":[{"start":{"line":263,"column":8},"end":{"line":263,"column":33}},{"start":{"line":263,"column":33},"end":{"line":263,"column":54}}],"line":263},"40":{"loc":{"start":{"line":265,"column":6},"end":{"line":267,"column":null}},"type":"if","locations":[{"start":{"line":265,"column":6},"end":{"line":267,"column":null}},{"start":{},"end":{}}],"line":265},"41":{"loc":{"start":{"line":265,"column":10},"end":{"line":265,"column":61}},"type":"binary-expr","locations":[{"start":{"line":265,"column":10},"end":{"line":265,"column":29}},{"start":{"line":265,"column":29},"end":{"line":265,"column":61}}],"line":265},"42":{"loc":{"start":{"line":274,"column":20},"end":{"line":274,"column":null}},"type":"cond-expr","locations":[{"start":{"line":274,"column":36},"end":{"line":274,"column":108}},{"start":{"line":274,"column":108},"end":{"line":274,"column":null}}],"line":274},"43":{"loc":{"start":{"line":275,"column":24},"end":{"line":275,"column":null}},"type":"cond-expr","locations":[{"start":{"line":275,"column":35},"end":{"line":275,"column":65}},{"start":{"line":275,"column":65},"end":{"line":275,"column":null}}],"line":275},"44":{"loc":{"start":{"line":287,"column":60},"end":{"line":287,"column":101}},"type":"cond-expr","locations":[{"start":{"line":287,"column":70},"end":{"line":287,"column":99}},{"start":{"line":287,"column":99},"end":{"line":287,"column":101}}],"line":287},"45":{"loc":{"start":{"line":288,"column":9},"end":{"line":319,"column":null}},"type":"binary-expr","locations":[{"start":{"line":288,"column":9},"end":{"line":288,"column":21}},{"start":{"line":288,"column":21},"end":{"line":288,"column":null}},{"start":{"line":289,"column":10},"end":{"line":319,"column":null}}],"line":288},"46":{"loc":{"start":{"line":311,"column":27},"end":{"line":311,"column":null}},"type":"cond-expr","locations":[{"start":{"line":311,"column":56},"end":{"line":311,"column":72}},{"start":{"line":311,"column":72},"end":{"line":311,"column":null}}],"line":311},"47":{"loc":{"start":{"line":316,"column":16},"end":{"line":316,"column":null}},"type":"cond-expr","locations":[{"start":{"line":316,"column":40},"end":{"line":316,"column":84}},{"start":{"line":316,"column":84},"end":{"line":316,"column":null}}],"line":316},"48":{"loc":{"start":{"line":322,"column":9},"end":{"line":345,"column":null}},"type":"binary-expr","locations":[{"start":{"line":322,"column":9},"end":{"line":322,"column":null}},{"start":{"line":323,"column":10},"end":{"line":345,"column":null}}],"line":322},"49":{"loc":{"start":{"line":337,"column":16},"end":{"line":337,"column":null}},"type":"cond-expr","locations":[{"start":{"line":337,"column":40},"end":{"line":337,"column":84}},{"start":{"line":337,"column":84},"end":{"line":337,"column":null}}],"line":337},"50":{"loc":{"start":{"line":340,"column":13},"end":{"line":343,"column":null}},"type":"cond-expr","locations":[{"start":{"line":341,"column":14},"end":{"line":341,"column":null}},{"start":{"line":343,"column":14},"end":{"line":343,"column":null}}],"line":340},"51":{"loc":{"start":{"line":349,"column":7},"end":{"line":413,"column":null}},"type":"binary-expr","locations":[{"start":{"line":349,"column":7},"end":{"line":349,"column":null}},{"start":{"line":350,"column":8},"end":{"line":413,"column":null}}],"line":349},"52":{"loc":{"start":{"line":357,"column":11},"end":{"line":411,"column":null}},"type":"cond-expr","locations":[{"start":{"line":358,"column":12},"end":{"line":358,"column":null}},{"start":{"line":359,"column":14},"end":{"line":411,"column":null}}],"line":357},"53":{"loc":{"start":{"line":359,"column":14},"end":{"line":411,"column":null}},"type":"cond-expr","locations":[{"start":{"line":360,"column":12},"end":{"line":364,"column":null}},{"start":{"line":366,"column":12},"end":{"line":411,"column":null}}],"line":359},"54":{"loc":{"start":{"line":368,"column":17},"end":{"line":368,"column":null}},"type":"binary-expr","locations":[{"start":{"line":368,"column":17},"end":{"line":368,"column":29}},{"start":{"line":368,"column":29},"end":{"line":368,"column":null}}],"line":368},"55":{"loc":{"start":{"line":382,"column":24},"end":{"line":382,"column":null}},"type":"cond-expr","locations":[{"start":{"line":382,"column":45},"end":{"line":382,"column":79}},{"start":{"line":382,"column":79},"end":{"line":382,"column":null}}],"line":382},"56":{"loc":{"start":{"line":383,"column":26},"end":{"line":383,"column":76}},"type":"cond-expr","locations":[{"start":{"line":383,"column":42},"end":{"line":383,"column":74}},{"start":{"line":383,"column":74},"end":{"line":383,"column":76}}],"line":383},"57":{"loc":{"start":{"line":384,"column":24},"end":{"line":384,"column":null}},"type":"cond-expr","locations":[{"start":{"line":384,"column":42},"end":{"line":384,"column":76}},{"start":{"line":384,"column":76},"end":{"line":384,"column":null}}],"line":384},"58":{"loc":{"start":{"line":389,"column":23},"end":{"line":405,"column":null}},"type":"cond-expr","locations":[{"start":{"line":390,"column":24},"end":{"line":400,"column":null}},{"start":{"line":402,"column":24},"end":{"line":405,"column":null}}],"line":389},"59":{"loc":{"start":{"line":391,"column":27},"end":{"line":392,"column":null}},"type":"binary-expr","locations":[{"start":{"line":391,"column":27},"end":{"line":391,"column":null}},{"start":{"line":392,"column":28},"end":{"line":392,"column":null}}],"line":391}},"s":{"0":1,"1":1,"2":1,"3":613,"4":613,"5":1,"6":146,"7":146,"8":146,"9":146,"10":146,"11":146,"12":146,"13":146,"14":146,"15":146,"16":628,"17":146,"18":146,"19":578,"20":578,"21":141,"22":578,"23":146,"24":146,"25":10,"26":1,"27":9,"28":4,"29":4,"30":1,"31":1,"32":3,"33":5,"34":5,"35":5,"36":9,"37":9,"38":9,"39":146,"40":1,"41":0,"42":1,"43":1,"44":2,"45":1,"46":1,"47":1,"48":146,"49":33,"50":33,"51":33,"52":33,"53":146,"54":34,"55":34,"56":146,"57":42,"58":0,"59":0,"60":0,"61":42,"62":0,"63":42,"64":5,"65":5,"66":5,"67":5,"68":1,"69":1,"70":1,"71":1,"72":1,"73":1,"74":1,"75":1,"76":1,"77":1,"78":1,"79":1,"80":1,"81":1,"82":146,"83":50,"84":53,"85":1,"86":50,"87":50,"88":50,"89":146,"90":65,"91":15,"92":15,"93":11,"94":146,"95":668,"96":146,"97":146,"98":146,"99":23,"100":1,"101":81,"102":300,"103":300,"104":300,"105":300,"106":9,"107":9,"108":1},"f":{"0":613,"1":146,"2":628,"3":578,"4":10,"5":1,"6":1,"7":2,"8":33,"9":34,"10":42,"11":5,"12":1,"13":50,"14":53,"15":50,"16":65,"17":668,"18":23,"19":1,"20":81,"21":300,"22":9,"23":9},"b":{"0":[613,106,106,76],"1":[146],"2":[146],"3":[146],"4":[146],"5":[146],"6":[146],"7":[146],"8":[146],"9":[146],"10":[146],"11":[146,125],"12":[0,125],"13":[2,144],"14":[138,8],"15":[578,562],"16":[141,437],"17":[19,127],"18":[9,118],"19":[1,9],"20":[4,5],"21":[4,0],"22":[1,3],"23":[9,0],"24":[0,1],"25":[1,0],"26":[1,0],"27":[34,0],"28":[0,42],"29":[42,0,0],"30":[0,42],"31":[5,1,1,1,1],"32":[5,0],"33":[1,0],"34":[1,0],"35":[1,1],"36":[1,52],"37":[53,53],"38":[15,50],"39":[65,15],"40":[11,4],"41":[15,11],"42":[2,144],"43":[19,127],"44":[3,143],"45":[146,19,18],"46":[18,0],"47":[7,11],"48":[146,127],"49":[16,111],"50":[3,124],"51":[146,86],"52":[1,85],"53":[6,79],"54":[81,4],"55":[26,274],"56":[19,281],"57":[3,297],"58":[26,274],"59":[26,0]},"meta":{"lastBranch":60,"lastFunction":24,"lastStatement":109,"seen":{"s:23:66:27:Infinity":0,"s:29:72:33:Infinity":1,"s:66:24:73:Infinity":2,"f:66:24:66:25":0,"s:67:21:67:Infinity":3,"s:68:2:71:Infinity":4,"b:69:4:69:Infinity:70:4:70:Infinity:71:5:71:63:71:63:71:Infinity":0,"s:101:28:417:Infinity":5,"f:101:28:101:29":1,"b:106:16:106:Infinity":1,"b:107:12:107:Infinity":2,"b:108:13:108:Infinity":3,"b:109:9:109:Infinity":4,"b:110:13:110:Infinity":5,"b:111:17:111:Infinity":6,"b:112:13:112:Infinity":7,"b:113:13:113:Infinity":8,"b:114:14:114:Infinity":9,"b:115:28:115:Infinity":10,"s:118:23:118:Infinity":6,"s:119:48:121:Infinity":7,"b:120:4:120:21:120:21:120:Infinity":11,"b:120:32:120:37:120:37:120:Infinity":12,"s:122:23:122:Infinity":8,"b:122:38:122:56:122:56:122:Infinity":13,"s:125:34:125:Infinity":9,"s:126:26:126:Infinity":10,"s:127:46:127:Infinity":11,"s:130:8:130:Infinity":12,"s:131:8:131:Infinity":13,"s:132:8:132:Infinity":14,"s:135:26:137:Infinity":15,"b:136:6:136:Infinity:137:6:137:Infinity":14,"f:136:21:136:31":2,"s:136:31:136:59":16,"s:140:63:140:Infinity":17,"s:141:2:147:Infinity":18,"f:141:26:141:36":3,"s:142:21:142:Infinity":19,"b:142:21:142:40:142:40:142:Infinity":15,"b:143:4:145:Infinity:undefined:undefined:undefined:undefined":16,"s:143:4:145:Infinity":20,"s:144:6:144:Infinity":21,"s:146:4:146:Infinity":22,"s:150:25:150:Infinity":23,"b:150:55:150:70:150:70:150:Infinity":17,"b:150:85:150:102:150:102:150:Infinity":18,"s:153:8:176:Infinity":24,"f:153:35:153:36":4,"b:154:4:154:Infinity:undefined:undefined:undefined:undefined":19,"s:154:4:154:Infinity":25,"s:154:25:154:Infinity":26,"b:158:4:169:Infinity:165:11:169:Infinity":20,"s:158:4:169:Infinity":27,"s:159:21:159:Infinity":28,"b:159:51:159:66:159:66:159:Infinity":21,"b:160:6:164:Infinity:162:13:164:Infinity":22,"s:160:6:164:Infinity":29,"s:161:8:161:Infinity":30,"f:161:33:161:38":5,"s:161:38:161:56":31,"s:163:8:163:Infinity":32,"s:166:6:166:Infinity":33,"s:167:6:167:Infinity":34,"s:168:6:168:Infinity":35,"b:171:4:173:Infinity:undefined:undefined:undefined:undefined":23,"s:171:4:173:Infinity":36,"s:172:6:172:Infinity":37,"s:175:4:175:Infinity":38,"s:179:8:190:Infinity":39,"f:179:35:179:36":6,"b:180:4:180:Infinity:undefined:undefined:undefined:undefined":24,"s:180:4:180:Infinity":40,"s:180:19:180:Infinity":41,"s:182:19:182:Infinity":42,"b:182:49:182:64:182:64:182:Infinity":25,"s:183:21:183:Infinity":43,"f:183:35:183:40":7,"s:183:40:183:59":44,"b:185:4:187:Infinity:undefined:undefined:undefined:undefined":26,"s:185:4:187:Infinity":45,"s:186:6:186:Infinity":46,"s:189:4:189:Infinity":47,"s:193:28:198:Infinity":48,"f:193:28:193:29":8,"s:194:21:194:Infinity":49,"s:195:4:195:Infinity":50,"s:196:4:196:Infinity":51,"s:197:4:197:Infinity":52,"s:201:27:205:Infinity":53,"f:201:27:201:33":9,"b:202:4:204:Infinity:undefined:undefined:undefined:undefined":27,"s:202:4:204:Infinity":54,"s:203:6:203:Infinity":55,"s:208:24:247:Infinity":56,"f:208:24:208:25":10,"b:209:4:213:Infinity:undefined:undefined:undefined:undefined":28,"s:209:4:213:Infinity":57,"b:209:8:209:20:209:20:209:45:209:45:209:67":29,"s:210:6:210:Infinity":58,"s:211:6:211:Infinity":59,"s:212:6:212:Infinity":60,"b:215:4:215:Infinity:undefined:undefined:undefined:undefined":30,"s:215:4:215:Infinity":61,"s:215:17:215:Infinity":62,"b:218:6:223:Infinity:225:6:228:Infinity:230:6:235:Infinity:237:6:241:Infinity:243:6:245:Infinity":31,"s:217:4:246:Infinity":63,"s:219:8:219:Infinity":64,"s:220:8:222:Infinity":65,"f:220:28:220:Infinity":11,"s:221:10:221:Infinity":66,"b:221:46:221:57:221:57:221:Infinity":32,"s:223:8:223:Infinity":67,"s:226:8:226:Infinity":68,"s:227:8:227:Infinity":69,"f:227:28:227:37":12,"s:227:37:227:61":70,"b:227:48:227:59:227:59:227:61":33,"s:228:8:228:Infinity":71,"s:231:8:231:Infinity":72,"b:232:8:234:Infinity:undefined:undefined:undefined:undefined":34,"s:232:8:234:Infinity":73,"b:232:12:232:37:232:37:232:80":35,"s:233:10:233:Infinity":74,"s:235:8:235:Infinity":75,"s:238:8:238:Infinity":76,"s:239:8:239:Infinity":77,"s:240:8:240:Infinity":78,"s:241:8:241:Infinity":79,"s:244:8:244:Infinity":80,"s:245:8:245:Infinity":81,"s:250:2:259:Infinity":82,"f:250:12:250:18":13,"s:251:31:255:Infinity":83,"f:251:31:251:32":14,"b:252:6:254:Infinity:undefined:undefined:undefined:undefined":36,"s:252:6:254:Infinity":84,"b:252:10:252:34:252:34:252:88":37,"s:253:8:253:Infinity":85,"s:257:4:257:Infinity":86,"s:258:4:258:Infinity":87,"f:258:11:258:17":15,"s:258:17:258:Infinity":88,"s:262:2:269:Infinity":89,"f:262:12:262:18":16,"b:263:4:268:Infinity:undefined:undefined:undefined:undefined":38,"s:263:4:268:Infinity":90,"b:263:8:263:33:263:33:263:54":39,"s:264:30:264:Infinity":91,"b:265:6:267:Infinity:undefined:undefined:undefined:undefined":40,"s:265:6:267:Infinity":92,"b:265:10:265:29:265:29:265:61":41,"s:266:8:266:Infinity":93,"s:272:26:272:Infinity":94,"f:272:41:272:48":17,"s:272:48:272:82":95,"s:274:20:274:Infinity":96,"b:274:36:274:108:274:108:274:Infinity":42,"s:275:24:275:Infinity":97,"b:275:35:275:65:275:65:275:Infinity":43,"s:277:2:415:Infinity":98,"b:287:70:287:99:287:99:287:101":44,"b:288:9:288:21:288:21:288:Infinity:289:10:319:Infinity":45,"f:290:33:290:Infinity":18,"s:291:14:301:Infinity":99,"f:296:27:296:33":19,"s:296:33:296:Infinity":100,"b:311:56:311:72:311:72:311:Infinity":46,"b:316:40:316:84:316:84:316:Infinity":47,"b:322:9:322:Infinity:323:10:345:Infinity":48,"b:337:40:337:84:337:84:337:Infinity":49,"b:341:14:341:Infinity:343:14:343:Infinity":50,"b:349:7:349:Infinity:350:8:413:Infinity":51,"b:358:12:358:Infinity:359:14:411:Infinity":52,"b:360:12:364:Infinity:366:12:411:Infinity":53,"f:366:47:366:48":20,"s:367:14:410:Infinity":101,"b:368:17:368:29:368:29:368:Infinity":54,"f:369:37:369:38":21,"s:370:38:370:Infinity":102,"s:371:40:371:Infinity":103,"s:372:37:372:Infinity":104,"s:374:18:407:Infinity":105,"b:382:45:382:79:382:79:382:Infinity":55,"b:383:42:383:74:383:74:383:76":56,"b:384:42:384:76:384:76:384:Infinity":57,"f:386:31:386:37":22,"s:386:37:386:Infinity":106,"f:387:36:387:42":23,"s:387:42:387:Infinity":107,"b:390:24:400:Infinity:402:24:405:Infinity":58,"b:391:27:391:Infinity:392:28:392:Infinity":59,"s:419:0:419:Infinity":108}}}
,"/home/mamang/Projects/ui-lib/src/components/Button/Button.module.css": {"path":"/home/mamang/Projects/ui-lib/src/components/Button/Button.module.css","statementMap":{},"fnMap":{},"branchMap":{},"s":{},"f":{},"b":{},"meta":{"lastBranch":0,"lastFunction":0,"lastStatement":0,"seen":{}}}
,"/home/mamang/Projects/ui-lib/src/components/Button/Button.tsx": {"path":"/home/mamang/Projects/ui-lib/src/components/Button/Button.tsx","statementMap":{"0":{"start":{"line":80,"column":22},"end":{"line":121,"column":null}},"1":{"start":{"line":96,"column":23},"end":{"line":105,"column":null}},"2":{"start":{"line":107,"column":4},"end":{"line":118,"column":null}},"3":{"start":{"line":123,"column":0},"end":{"line":123,"column":null}}},"fnMap":{"0":{"name":"(anonymous_0)","decl":{"start":{"line":81,"column":2},"end":{"line":81,"column":null}},"loc":{"start":{"line":95,"column":7},"end":{"line":120,"column":null}},"line":95}},"branchMap":{"0":{"loc":{"start":{"line":83,"column":6},"end":{"line":83,"column":null}},"type":"default-arg","locations":[{"start":{"line":83,"column":16},"end":{"line":83,"column":null}}],"line":83},"1":{"loc":{"start":{"line":84,"column":6},"end":{"line":84,"column":null}},"type":"default-arg","locations":[{"start":{"line":84,"column":13},"end":{"line":84,"column":null}}],"line":84},"2":{"loc":{"start":{"line":85,"column":6},"end":{"line":85,"column":null}},"type":"default-arg","locations":[{"start":{"line":85,"column":16},"end":{"line":85,"column":null}}],"line":85},"3":{"loc":{"start":{"line":87,"column":6},"end":{"line":87,"column":null}},"type":"default-arg","locations":[{"start":{"line":87,"column":17},"end":{"line":87,"column":null}}],"line":87},"4":{"loc":{"start":{"line":89,"column":6},"end":{"line":89,"column":null}},"type":"default-arg","locations":[{"start":{"line":89,"column":18},"end":{"line":89,"column":null}}],"line":89},"5":{"loc":{"start":{"line":90,"column":6},"end":{"line":90,"column":null}},"type":"default-arg","locations":[{"start":{"line":90,"column":17},"end":{"line":90,"column":null}}],"line":90},"6":{"loc":{"start":{"line":91,"column":6},"end":{"line":91,"column":null}},"type":"default-arg","locations":[{"start":{"line":91,"column":13},"end":{"line":91,"column":null}}],"line":91},"7":{"loc":{"start":{"line":100,"column":6},"end":{"line":100,"column":null}},"type":"binary-expr","locations":[{"start":{"line":100,"column":6},"end":{"line":100,"column":17}},{"start":{"line":100,"column":17},"end":{"line":100,"column":null}}],"line":100},"8":{"loc":{"start":{"line":101,"column":6},"end":{"line":101,"column":null}},"type":"binary-expr","locations":[{"start":{"line":101,"column":6},"end":{"line":101,"column":18}},{"start":{"line":101,"column":18},"end":{"line":101,"column":null}}],"line":101},"9":{"loc":{"start":{"line":112,"column":18},"end":{"line":112,"column":null}},"type":"binary-expr","locations":[{"start":{"line":112,"column":18},"end":{"line":112,"column":30}},{"start":{"line":112,"column":30},"end":{"line":112,"column":null}}],"line":112},"10":{"loc":{"start":{"line":116,"column":9},"end":{"line":116,"column":null}},"type":"binary-expr","locations":[{"start":{"line":116,"column":9},"end":{"line":116,"column":17}},{"start":{"line":116,"column":17},"end":{"line":116,"column":null}}],"line":116}},"s":{"0":1,"1":64,"2":64,"3":1},"f":{"0":64},"b":{"0":[64],"1":[64],"2":[64],"3":[64],"4":[64],"5":[64],"6":[64],"7":[64,0],"8":[64,0],"9":[64,64],"10":[64,0]},"meta":{"lastBranch":11,"lastFunction":1,"lastStatement":4,"seen":{"s:80:22:121:Infinity":0,"f:81:2:81:Infinity":0,"b:83:16:83:Infinity":0,"b:84:13:84:Infinity":1,"b:85:16:85:Infinity":2,"b:87:17:87:Infinity":3,"b:89:18:89:Infinity":4,"b:90:17:90:Infinity":5,"b:91:13:91:Infinity":6,"s:96:23:105:Infinity":1,"b:100:6:100:17:100:17:100:Infinity":7,"b:101:6:101:18:101:18:101:Infinity":8,"s:107:4:118:Infinity":2,"b:112:18:112:30:112:30:112:Infinity":9,"b:116:9:116:17:116:17:116:Infinity":10,"s:123:0:123:Infinity":3}}}
,"/home/mamang/Projects/ui-lib/src/components/Button/index.ts": {"path":"/home/mamang/Projects/ui-lib/src/components/Button/index.ts","statementMap":{},"fnMap":{},"branchMap":{},"s":{},"f":{},"b":{},"meta":{"lastBranch":0,"lastFunction":0,"lastStatement":0,"seen":{}}}
,"/home/mamang/Projects/ui-lib/src/components/Calendar/DatePicker/DatePicker.tsx": {"path":"/home/mamang/Projects/ui-lib/src/components/Calendar/DatePicker/DatePicker.tsx","statementMap":{"0":{"start":{"line":15,"column":53},"end":{"line":319,"column":null}},"1":{"start":{"line":41,"column":26},"end":{"line":41,"column":null}},"2":{"start":{"line":42,"column":34},"end":{"line":42,"column":null}},"3":{"start":{"line":43,"column":38},"end":{"line":43,"column":null}},"4":{"start":{"line":44,"column":8},"end":{"line":44,"column":null}},"5":{"start":{"line":45,"column":8},"end":{"line":45,"column":null}},"6":{"start":{"line":48,"column":23},"end":{"line":48,"column":null}},"7":{"start":{"line":49,"column":23},"end":{"line":49,"column":null}},"8":{"start":{"line":52,"column":8},"end":{"line":52,"column":null}},"9":{"start":{"line":52,"column":25},"end":{"line":52,"column":71}},"10":{"start":{"line":55,"column":17},"end":{"line":55,"column":null}},"11":{"start":{"line":58,"column":8},"end":{"line":75,"column":null}},"12":{"start":{"line":61,"column":6},"end":{"line":63,"column":null}},"13":{"start":{"line":62,"column":8},"end":{"line":62,"column":null}},"14":{"start":{"line":64,"column":6},"end":{"line":64,"column":null}},"15":{"start":{"line":65,"column":6},"end":{"line":69,"column":null}},"16":{"start":{"line":66,"column":8},"end":{"line":66,"column":null}},"17":{"start":{"line":68,"column":8},"end":{"line":68,"column":null}},"18":{"start":{"line":70,"column":6},"end":{"line":73,"column":null}},"19":{"start":{"line":71,"column":8},"end":{"line":71,"column":null}},"20":{"start":{"line":72,"column":8},"end":{"line":72,"column":null}},"21":{"start":{"line":78,"column":30},"end":{"line":78,"column":null}},"22":{"start":{"line":79,"column":36},"end":{"line":79,"column":null}},"23":{"start":{"line":82,"column":2},"end":{"line":92,"column":null}},"24":{"start":{"line":83,"column":4},"end":{"line":91,"column":null}},"25":{"start":{"line":84,"column":6},"end":{"line":90,"column":null}},"26":{"start":{"line":85,"column":8},"end":{"line":85,"column":null}},"27":{"start":{"line":86,"column":8},"end":{"line":86,"column":null}},"28":{"start":{"line":88,"column":8},"end":{"line":88,"column":null}},"29":{"start":{"line":89,"column":8},"end":{"line":89,"column":null}},"30":{"start":{"line":95,"column":8},"end":{"line":103,"column":null}},"31":{"start":{"line":96,"column":4},"end":{"line":96,"column":null}},"32":{"start":{"line":96,"column":30},"end":{"line":96,"column":null}},"33":{"start":{"line":97,"column":4},"end":{"line":97,"column":null}},"34":{"start":{"line":98,"column":4},"end":{"line":98,"column":null}},"35":{"start":{"line":99,"column":4},"end":{"line":101,"column":null}},"36":{"start":{"line":100,"column":6},"end":{"line":100,"column":null}},"37":{"start":{"line":102,"column":4},"end":{"line":102,"column":null}},"38":{"start":{"line":105,"column":8},"end":{"line":108,"column":null}},"39":{"start":{"line":106,"column":4},"end":{"line":106,"column":null}},"40":{"start":{"line":107,"column":4},"end":{"line":107,"column":null}},"41":{"start":{"line":111,"column":8},"end":{"line":128,"column":null}},"42":{"start":{"line":112,"column":4},"end":{"line":127,"column":null}},"43":{"start":{"line":113,"column":6},"end":{"line":115,"column":null}},"44":{"start":{"line":114,"column":8},"end":{"line":114,"column":null}},"45":{"start":{"line":116,"column":6},"end":{"line":116,"column":null}},"46":{"start":{"line":117,"column":6},"end":{"line":117,"column":null}},"47":{"start":{"line":118,"column":6},"end":{"line":120,"column":null}},"48":{"start":{"line":119,"column":8},"end":{"line":119,"column":null}},"49":{"start":{"line":121,"column":4},"end":{"line":127,"column":null}},"50":{"start":{"line":122,"column":6},"end":{"line":122,"column":null}},"51":{"start":{"line":123,"column":6},"end":{"line":123,"column":null}},"52":{"start":{"line":124,"column":4},"end":{"line":127,"column":null}},"53":{"start":{"line":125,"column":6},"end":{"line":125,"column":null}},"54":{"start":{"line":126,"column":6},"end":{"line":126,"column":null}},"55":{"start":{"line":131,"column":8},"end":{"line":139,"column":null}},"56":{"start":{"line":132,"column":4},"end":{"line":132,"column":null}},"57":{"start":{"line":133,"column":4},"end":{"line":135,"column":null}},"58":{"start":{"line":134,"column":6},"end":{"line":134,"column":null}},"59":{"start":{"line":136,"column":4},"end":{"line":136,"column":null}},"60":{"start":{"line":137,"column":4},"end":{"line":137,"column":null}},"61":{"start":{"line":138,"column":4},"end":{"line":138,"column":null}},"62":{"start":{"line":142,"column":8},"end":{"line":155,"column":null}},"63":{"start":{"line":143,"column":21},"end":{"line":143,"column":null}},"64":{"start":{"line":144,"column":4},"end":{"line":144,"column":null}},"65":{"start":{"line":147,"column":10},"end":{"line":147,"column":null}},"66":{"start":{"line":148,"column":4},"end":{"line":154,"column":null}},"67":{"start":{"line":149,"column":6},"end":{"line":151,"column":null}},"68":{"start":{"line":150,"column":8},"end":{"line":150,"column":null}},"69":{"start":{"line":152,"column":6},"end":{"line":152,"column":null}},"70":{"start":{"line":153,"column":6},"end":{"line":153,"column":null}},"71":{"start":{"line":158,"column":8},"end":{"line":168,"column":null}},"72":{"start":{"line":160,"column":4},"end":{"line":166,"column":null}},"73":{"start":{"line":161,"column":6},"end":{"line":165,"column":null}},"74":{"start":{"line":162,"column":8},"end":{"line":162,"column":null}},"75":{"start":{"line":164,"column":8},"end":{"line":164,"column":null}},"76":{"start":{"line":167,"column":4},"end":{"line":167,"column":null}},"77":{"start":{"line":171,"column":8},"end":{"line":179,"column":null}},"78":{"start":{"line":172,"column":4},"end":{"line":178,"column":null}},"79":{"start":{"line":173,"column":6},"end":{"line":173,"column":null}},"80":{"start":{"line":173,"column":22},"end":{"line":173,"column":50}},"81":{"start":{"line":174,"column":4},"end":{"line":178,"column":null}},"82":{"start":{"line":175,"column":6},"end":{"line":175,"column":null}},"83":{"start":{"line":175,"column":22},"end":{"line":175,"column":49}},"84":{"start":{"line":177,"column":6},"end":{"line":177,"column":null}},"85":{"start":{"line":177,"column":22},"end":{"line":177,"column":50}},"86":{"start":{"line":181,"column":8},"end":{"line":189,"column":null}},"87":{"start":{"line":182,"column":4},"end":{"line":188,"column":null}},"88":{"start":{"line":183,"column":6},"end":{"line":183,"column":null}},"89":{"start":{"line":183,"column":22},"end":{"line":183,"column":49}},"90":{"start":{"line":184,"column":4},"end":{"line":188,"column":null}},"91":{"start":{"line":185,"column":6},"end":{"line":185,"column":null}},"92":{"start":{"line":185,"column":22},"end":{"line":185,"column":48}},"93":{"start":{"line":187,"column":6},"end":{"line":187,"column":null}},"94":{"start":{"line":187,"column":22},"end":{"line":187,"column":49}},"95":{"start":{"line":192,"column":25},"end":{"line":197,"column":null}},"96":{"start":{"line":200,"column":28},"end":{"line":204,"column":null}},"97":{"start":{"line":207,"column":32},"end":{"line":256,"column":null}},"98":{"start":{"line":208,"column":4},"end":{"line":256,"column":null}},"99":{"start":{"line":260,"column":2},"end":{"line":266,"column":null}},"100":{"start":{"line":261,"column":4},"end":{"line":264,"column":null}},"101":{"start":{"line":268,"column":2},"end":{"line":317,"column":null}},"102":{"start":{"line":279,"column":10},"end":{"line":279,"column":null}},"103":{"start":{"line":280,"column":10},"end":{"line":280,"column":null}}},"fnMap":{"0":{"name":"(anonymous_0)","decl":{"start":{"line":15,"column":53},"end":{"line":15,"column":54}},"loc":{"start":{"line":40,"column":6},"end":{"line":319,"column":null}},"line":40},"1":{"name":"(anonymous_1)","decl":{"start":{"line":52,"column":25},"end":{"line":52,"column":31}},"loc":{"start":{"line":52,"column":25},"end":{"line":52,"column":71}},"line":52},"2":{"name":"(anonymous_2)","decl":{"start":{"line":60,"column":14},"end":{"line":60,"column":15}},"loc":{"start":{"line":60,"column":24},"end":{"line":74,"column":null}},"line":60},"3":{"name":"(anonymous_3)","decl":{"start":{"line":82,"column":18},"end":{"line":82,"column":24}},"loc":{"start":{"line":82,"column":24},"end":{"line":92,"column":5}},"line":82},"4":{"name":"(anonymous_4)","decl":{"start":{"line":95,"column":33},"end":{"line":95,"column":39}},"loc":{"start":{"line":95,"column":39},"end":{"line":103,"column":5}},"line":95},"5":{"name":"(anonymous_5)","decl":{"start":{"line":105,"column":34},"end":{"line":105,"column":40}},"loc":{"start":{"line":105,"column":40},"end":{"line":108,"column":5}},"line":105},"6":{"name":"(anonymous_6)","decl":{"start":{"line":111,"column":35},"end":{"line":111,"column":36}},"loc":{"start":{"line":111,"column":51},"end":{"line":128,"column":5}},"line":111},"7":{"name":"(anonymous_7)","decl":{"start":{"line":131,"column":34},"end":{"line":131,"column":35}},"loc":{"start":{"line":131,"column":59},"end":{"line":139,"column":5}},"line":131},"8":{"name":"(anonymous_8)","decl":{"start":{"line":142,"column":40},"end":{"line":142,"column":41}},"loc":{"start":{"line":142,"column":84},"end":{"line":155,"column":5}},"line":142},"9":{"name":"(anonymous_9)","decl":{"start":{"line":158,"column":38},"end":{"line":158,"column":44}},"loc":{"start":{"line":158,"column":44},"end":{"line":168,"column":5}},"line":158},"10":{"name":"(anonymous_10)","decl":{"start":{"line":171,"column":37},"end":{"line":171,"column":43}},"loc":{"start":{"line":171,"column":43},"end":{"line":179,"column":5}},"line":171},"11":{"name":"(anonymous_11)","decl":{"start":{"line":173,"column":21},"end":{"line":173,"column":22}},"loc":{"start":{"line":173,"column":22},"end":{"line":173,"column":50}},"line":173},"12":{"name":"(anonymous_12)","decl":{"start":{"line":175,"column":21},"end":{"line":175,"column":22}},"loc":{"start":{"line":175,"column":22},"end":{"line":175,"column":49}},"line":175},"13":{"name":"(anonymous_13)","decl":{"start":{"line":177,"column":21},"end":{"line":177,"column":22}},"loc":{"start":{"line":177,"column":22},"end":{"line":177,"column":50}},"line":177},"14":{"name":"(anonymous_14)","decl":{"start":{"line":181,"column":33},"end":{"line":181,"column":39}},"loc":{"start":{"line":181,"column":39},"end":{"line":189,"column":5}},"line":181},"15":{"name":"(anonymous_15)","decl":{"start":{"line":183,"column":21},"end":{"line":183,"column":22}},"loc":{"start":{"line":183,"column":22},"end":{"line":183,"column":49}},"line":183},"16":{"name":"(anonymous_16)","decl":{"start":{"line":185,"column":21},"end":{"line":185,"column":22}},"loc":{"start":{"line":185,"column":22},"end":{"line":185,"column":48}},"line":185},"17":{"name":"(anonymous_17)","decl":{"start":{"line":187,"column":21},"end":{"line":187,"column":22}},"loc":{"start":{"line":187,"column":22},"end":{"line":187,"column":49}},"line":187},"18":{"name":"(anonymous_18)","decl":{"start":{"line":207,"column":32},"end":{"line":207,"column":null}},"loc":{"start":{"line":208,"column":4},"end":{"line":256,"column":null}},"line":208},"19":{"name":"(anonymous_19)","decl":{"start":{"line":278,"column":17},"end":{"line":278,"column":23}},"loc":{"start":{"line":278,"column":23},"end":{"line":281,"column":null}},"line":278}},"branchMap":{"0":{"loc":{"start":{"line":18,"column":2},"end":{"line":18,"column":null}},"type":"default-arg","locations":[{"start":{"line":18,"column":9},"end":{"line":18,"column":null}}],"line":18},"1":{"loc":{"start":{"line":19,"column":2},"end":{"line":19,"column":null}},"type":"default-arg","locations":[{"start":{"line":19,"column":13},"end":{"line":19,"column":null}}],"line":19},"2":{"loc":{"start":{"line":20,"column":2},"end":{"line":20,"column":null}},"type":"default-arg","locations":[{"start":{"line":20,"column":13},"end":{"line":20,"column":null}}],"line":20},"3":{"loc":{"start":{"line":21,"column":2},"end":{"line":21,"column":null}},"type":"default-arg","locations":[{"start":{"line":21,"column":10},"end":{"line":21,"column":null}}],"line":21},"4":{"loc":{"start":{"line":23,"column":2},"end":{"line":23,"column":null}},"type":"default-arg","locations":[{"start":{"line":23,"column":11},"end":{"line":23,"column":null}}],"line":23},"5":{"loc":{"start":{"line":28,"column":2},"end":{"line":28,"column":null}},"type":"default-arg","locations":[{"start":{"line":28,"column":14},"end":{"line":28,"column":null}}],"line":28},"6":{"loc":{"start":{"line":43,"column":64},"end":{"line":43,"column":77}},"type":"binary-expr","locations":[{"start":{"line":43,"column":64},"end":{"line":43,"column":73}},{"start":{"line":43,"column":73},"end":{"line":43,"column":77}}],"line":43},"7":{"loc":{"start":{"line":49,"column":23},"end":{"line":49,"column":null}},"type":"cond-expr","locations":[{"start":{"line":49,"column":38},"end":{"line":49,"column":46}},{"start":{"line":49,"column":46},"end":{"line":49,"column":null}}],"line":49},"8":{"loc":{"start":{"line":55,"column":17},"end":{"line":55,"column":null}},"type":"binary-expr","locations":[{"start":{"line":55,"column":17},"end":{"line":55,"column":31}},{"start":{"line":55,"column":31},"end":{"line":55,"column":null}}],"line":55},"9":{"loc":{"start":{"line":61,"column":6},"end":{"line":63,"column":null}},"type":"if","locations":[{"start":{"line":61,"column":6},"end":{"line":63,"column":null}},{"start":{},"end":{}}],"line":61},"10":{"loc":{"start":{"line":65,"column":6},"end":{"line":69,"column":null}},"type":"if","locations":[{"start":{"line":65,"column":6},"end":{"line":69,"column":null}},{"start":{"line":67,"column":13},"end":{"line":69,"column":null}}],"line":65},"11":{"loc":{"start":{"line":70,"column":6},"end":{"line":73,"column":null}},"type":"if","locations":[{"start":{"line":70,"column":6},"end":{"line":73,"column":null}},{"start":{},"end":{}}],"line":70},"12":{"loc":{"start":{"line":79,"column":49},"end":{"line":79,"column":75}},"type":"binary-expr","locations":[{"start":{"line":79,"column":49},"end":{"line":79,"column":65}},{"start":{"line":79,"column":65},"end":{"line":79,"column":75}}],"line":79},"13":{"loc":{"start":{"line":83,"column":4},"end":{"line":91,"column":null}},"type":"if","locations":[{"start":{"line":83,"column":4},"end":{"line":91,"column":null}},{"start":{},"end":{}}],"line":83},"14":{"loc":{"start":{"line":84,"column":6},"end":{"line":90,"column":null}},"type":"if","locations":[{"start":{"line":84,"column":6},"end":{"line":90,"column":null}},{"start":{"line":87,"column":13},"end":{"line":90,"column":null}}],"line":84},"15":{"loc":{"start":{"line":96,"column":4},"end":{"line":96,"column":null}},"type":"if","locations":[{"start":{"line":96,"column":4},"end":{"line":96,"column":null}},{"start":{},"end":{}}],"line":96},"16":{"loc":{"start":{"line":96,"column":8},"end":{"line":96,"column":30}},"type":"binary-expr","locations":[{"start":{"line":96,"column":8},"end":{"line":96,"column":20}},{"start":{"line":96,"column":20},"end":{"line":96,"column":30}}],"line":96},"17":{"loc":{"start":{"line":99,"column":4},"end":{"line":101,"column":null}},"type":"if","locations":[{"start":{"line":99,"column":4},"end":{"line":101,"column":null}},{"start":{},"end":{}}],"line":99},"18":{"loc":{"start":{"line":112,"column":4},"end":{"line":127,"column":null}},"type":"if","locations":[{"start":{"line":112,"column":4},"end":{"line":127,"column":null}},{"start":{"line":121,"column":4},"end":{"line":127,"column":null}}],"line":112},"19":{"loc":{"start":{"line":113,"column":6},"end":{"line":115,"column":null}},"type":"if","locations":[{"start":{"line":113,"column":6},"end":{"line":115,"column":null}},{"start":{},"end":{}}],"line":113},"20":{"loc":{"start":{"line":118,"column":6},"end":{"line":120,"column":null}},"type":"if","locations":[{"start":{"line":118,"column":6},"end":{"line":120,"column":null}},{"start":{},"end":{}}],"line":118},"21":{"loc":{"start":{"line":121,"column":4},"end":{"line":127,"column":null}},"type":"if","locations":[{"start":{"line":121,"column":4},"end":{"line":127,"column":null}},{"start":{"line":124,"column":4},"end":{"line":127,"column":null}}],"line":121},"22":{"loc":{"start":{"line":124,"column":4},"end":{"line":127,"column":null}},"type":"if","locations":[{"start":{"line":124,"column":4},"end":{"line":127,"column":null}},{"start":{},"end":{}}],"line":124},"23":{"loc":{"start":{"line":133,"column":4},"end":{"line":135,"column":null}},"type":"if","locations":[{"start":{"line":133,"column":4},"end":{"line":135,"column":null}},{"start":{},"end":{}}],"line":133},"24":{"loc":{"start":{"line":148,"column":4},"end":{"line":154,"column":null}},"type":"if","locations":[{"start":{"line":148,"column":4},"end":{"line":154,"column":null}},{"start":{},"end":{}}],"line":148},"25":{"loc":{"start":{"line":149,"column":6},"end":{"line":151,"column":null}},"type":"if","locations":[{"start":{"line":149,"column":6},"end":{"line":151,"column":null}},{"start":{},"end":{}}],"line":149},"26":{"loc":{"start":{"line":160,"column":4},"end":{"line":166,"column":null}},"type":"if","locations":[{"start":{"line":160,"column":4},"end":{"line":166,"column":null}},{"start":{},"end":{}}],"line":160},"27":{"loc":{"start":{"line":160,"column":8},"end":{"line":160,"column":54}},"type":"binary-expr","locations":[{"start":{"line":160,"column":8},"end":{"line":160,"column":22}},{"start":{"line":160,"column":22},"end":{"line":160,"column":54}}],"line":160},"28":{"loc":{"start":{"line":161,"column":6},"end":{"line":165,"column":null}},"type":"if","locations":[{"start":{"line":161,"column":6},"end":{"line":165,"column":null}},{"start":{"line":163,"column":13},"end":{"line":165,"column":null}}],"line":161},"29":{"loc":{"start":{"line":172,"column":4},"end":{"line":178,"column":null}},"type":"if","locations":[{"start":{"line":172,"column":4},"end":{"line":178,"column":null}},{"start":{"line":174,"column":4},"end":{"line":178,"column":null}}],"line":172},"30":{"loc":{"start":{"line":174,"column":4},"end":{"line":178,"column":null}},"type":"if","locations":[{"start":{"line":174,"column":4},"end":{"line":178,"column":null}},{"start":{"line":176,"column":11},"end":{"line":178,"column":null}}],"line":174},"31":{"loc":{"start":{"line":182,"column":4},"end":{"line":188,"column":null}},"type":"if","locations":[{"start":{"line":182,"column":4},"end":{"line":188,"column":null}},{"start":{"line":184,"column":4},"end":{"line":188,"column":null}}],"line":182},"32":{"loc":{"start":{"line":184,"column":4},"end":{"line":188,"column":null}},"type":"if","locations":[{"start":{"line":184,"column":4},"end":{"line":188,"column":null}},{"start":{"line":186,"column":11},"end":{"line":188,"column":null}}],"line":184},"33":{"loc":{"start":{"line":194,"column":4},"end":{"line":194,"column":null}},"type":"binary-expr","locations":[{"start":{"line":194,"column":4},"end":{"line":194,"column":21}},{"start":{"line":194,"column":21},"end":{"line":194,"column":null}}],"line":194},"34":{"loc":{"start":{"line":195,"column":4},"end":{"line":195,"column":null}},"type":"binary-expr","locations":[{"start":{"line":195,"column":4},"end":{"line":195,"column":21}},{"start":{"line":195,"column":21},"end":{"line":195,"column":null}}],"line":195},"35":{"loc":{"start":{"line":196,"column":4},"end":{"line":196,"column":null}},"type":"binary-expr","locations":[{"start":{"line":196,"column":4},"end":{"line":196,"column":13}},{"start":{"line":196,"column":13},"end":{"line":196,"column":null}}],"line":196},"36":{"loc":{"start":{"line":202,"column":4},"end":{"line":202,"column":null}},"type":"binary-expr","locations":[{"start":{"line":202,"column":4},"end":{"line":202,"column":21}},{"start":{"line":202,"column":21},"end":{"line":202,"column":null}}],"line":202},"37":{"loc":{"start":{"line":203,"column":4},"end":{"line":203,"column":null}},"type":"binary-expr","locations":[{"start":{"line":203,"column":4},"end":{"line":203,"column":21}},{"start":{"line":203,"column":21},"end":{"line":203,"column":null}}],"line":203},"38":{"loc":{"start":{"line":221,"column":7},"end":{"line":231,"column":null}},"type":"binary-expr","locations":[{"start":{"line":221,"column":7},"end":{"line":221,"column":null}},{"start":{"line":222,"column":8},"end":{"line":231,"column":null}}],"line":221},"39":{"loc":{"start":{"line":234,"column":7},"end":{"line":243,"column":null}},"type":"binary-expr","locations":[{"start":{"line":234,"column":7},"end":{"line":234,"column":null}},{"start":{"line":235,"column":8},"end":{"line":243,"column":null}}],"line":234},"40":{"loc":{"start":{"line":246,"column":7},"end":{"line":254,"column":null}},"type":"binary-expr","locations":[{"start":{"line":246,"column":7},"end":{"line":246,"column":null}},{"start":{"line":247,"column":8},"end":{"line":254,"column":null}}],"line":246},"41":{"loc":{"start":{"line":260,"column":2},"end":{"line":266,"column":null}},"type":"if","locations":[{"start":{"line":260,"column":2},"end":{"line":266,"column":null}},{"start":{},"end":{}}],"line":260},"42":{"loc":{"start":{"line":262,"column":42},"end":{"line":262,"column":57}},"type":"binary-expr","locations":[{"start":{"line":262,"column":42},"end":{"line":262,"column":55}},{"start":{"line":262,"column":55},"end":{"line":262,"column":57}}],"line":262},"43":{"loc":{"start":{"line":269,"column":46},"end":{"line":269,"column":61}},"type":"binary-expr","locations":[{"start":{"line":269,"column":46},"end":{"line":269,"column":59}},{"start":{"line":269,"column":59},"end":{"line":269,"column":61}}],"line":269},"44":{"loc":{"start":{"line":283,"column":21},"end":{"line":283,"column":null}},"type":"binary-expr","locations":[{"start":{"line":283,"column":21},"end":{"line":283,"column":36}},{"start":{"line":283,"column":36},"end":{"line":283,"column":null}}],"line":283},"45":{"loc":{"start":{"line":294,"column":7},"end":{"line":303,"column":null}},"type":"binary-expr","locations":[{"start":{"line":294,"column":7},"end":{"line":294,"column":20}},{"start":{"line":294,"column":20},"end":{"line":294,"column":36}},{"start":{"line":294,"column":36},"end":{"line":294,"column":49}},{"start":{"line":294,"column":49},"end":{"line":294,"column":null}},{"start":{"line":295,"column":8},"end":{"line":303,"column":null}}],"line":294}},"s":{"0":1,"1":0,"2":0,"3":0,"4":0,"5":0,"6":0,"7":0,"8":0,"9":0,"10":0,"11":0,"12":0,"13":0,"14":0,"15":0,"16":0,"17":0,"18":0,"19":0,"20":0,"21":0,"22":0,"23":0,"24":0,"25":0,"26":0,"27":0,"28":0,"29":0,"30":0,"31":0,"32":0,"33":0,"34":0,"35":0,"36":0,"37":0,"38":0,"39":0,"40":0,"41":0,"42":0,"43":0,"44":0,"45":0,"46":0,"47":0,"48":0,"49":0,"50":0,"51":0,"52":0,"53":0,"54":0,"55":0,"56":0,"57":0,"58":0,"59":0,"60":0,"61":0,"62":0,"63":0,"64":0,"65":0,"66":0,"67":0,"68":0,"69":0,"70":0,"71":0,"72":0,"73":0,"74":0,"75":0,"76":0,"77":0,"78":0,"79":0,"80":0,"81":0,"82":0,"83":0,"84":0,"85":0,"86":0,"87":0,"88":0,"89":0,"90":0,"91":0,"92":0,"93":0,"94":0,"95":0,"96":0,"97":0,"98":0,"99":0,"100":0,"101":0,"102":0,"103":0},"f":{"0":0,"1":0,"2":0,"3":0,"4":0,"5":0,"6":0,"7":0,"8":0,"9":0,"10":0,"11":0,"12":0,"13":0,"14":0,"15":0,"16":0,"17":0,"18":0,"19":0},"b":{"0":[0],"1":[0],"2":[0],"3":[0],"4":[0],"5":[0],"6":[0,0],"7":[0,0],"8":[0,0],"9":[0,0],"10":[0,0],"11":[0,0],"12":[0,0],"13":[0,0],"14":[0,0],"15":[0,0],"16":[0,0],"17":[0,0],"18":[0,0],"19":[0,0],"20":[0,0],"21":[0,0],"22":[0,0],"23":[0,0],"24":[0,0],"25":[0,0],"26":[0,0],"27":[0,0],"28":[0,0],"29":[0,0],"30":[0,0],"31":[0,0],"32":[0,0],"33":[0,0],"34":[0,0],"35":[0,0],"36":[0,0],"37":[0,0],"38":[0,0],"39":[0,0],"40":[0,0],"41":[0,0],"42":[0,0],"43":[0,0],"44":[0,0],"45":[0,0,0,0,0]},"meta":{"lastBranch":46,"lastFunction":20,"lastStatement":104,"seen":{"s:15:53:319:Infinity":0,"f:15:53:15:54":0,"b:18:9:18:Infinity":0,"b:19:13:19:Infinity":1,"b:20:13:20:Infinity":2,"b:21:10:21:Infinity":3,"b:23:11:23:Infinity":4,"b:28:14:28:Infinity":5,"s:41:26:41:Infinity":1,"s:42:34:42:Infinity":2,"s:43:38:43:Infinity":3,"b:43:64:43:73:43:73:43:77":6,"s:44:8:44:Infinity":4,"s:45:8:45:Infinity":5,"s:48:23:48:Infinity":6,"s:49:23:49:Infinity":7,"b:49:38:49:46:49:46:49:Infinity":7,"s:52:8:52:Infinity":8,"f:52:25:52:31":1,"s:52:25:52:71":9,"s:55:17:55:Infinity":10,"b:55:17:55:31:55:31:55:Infinity":8,"s:58:8:75:Infinity":11,"f:60:14:60:15":2,"b:61:6:63:Infinity:undefined:undefined:undefined:undefined":9,"s:61:6:63:Infinity":12,"s:62:8:62:Infinity":13,"s:64:6:64:Infinity":14,"b:65:6:69:Infinity:67:13:69:Infinity":10,"s:65:6:69:Infinity":15,"s:66:8:66:Infinity":16,"s:68:8:68:Infinity":17,"b:70:6:73:Infinity:undefined:undefined:undefined:undefined":11,"s:70:6:73:Infinity":18,"s:71:8:71:Infinity":19,"s:72:8:72:Infinity":20,"s:78:30:78:Infinity":21,"s:79:36:79:Infinity":22,"b:79:49:79:65:79:65:79:75":12,"s:82:2:92:Infinity":23,"f:82:18:82:24":3,"b:83:4:91:Infinity:undefined:undefined:undefined:undefined":13,"s:83:4:91:Infinity":24,"b:84:6:90:Infinity:87:13:90:Infinity":14,"s:84:6:90:Infinity":25,"s:85:8:85:Infinity":26,"s:86:8:86:Infinity":27,"s:88:8:88:Infinity":28,"s:89:8:89:Infinity":29,"s:95:8:103:Infinity":30,"f:95:33:95:39":4,"b:96:4:96:Infinity:undefined:undefined:undefined:undefined":15,"s:96:4:96:Infinity":31,"b:96:8:96:20:96:20:96:30":16,"s:96:30:96:Infinity":32,"s:97:4:97:Infinity":33,"s:98:4:98:Infinity":34,"b:99:4:101:Infinity:undefined:undefined:undefined:undefined":17,"s:99:4:101:Infinity":35,"s:100:6:100:Infinity":36,"s:102:4:102:Infinity":37,"s:105:8:108:Infinity":38,"f:105:34:105:40":5,"s:106:4:106:Infinity":39,"s:107:4:107:Infinity":40,"s:111:8:128:Infinity":41,"f:111:35:111:36":6,"b:112:4:127:Infinity:121:4:127:Infinity":18,"s:112:4:127:Infinity":42,"b:113:6:115:Infinity:undefined:undefined:undefined:undefined":19,"s:113:6:115:Infinity":43,"s:114:8:114:Infinity":44,"s:116:6:116:Infinity":45,"s:117:6:117:Infinity":46,"b:118:6:120:Infinity:undefined:undefined:undefined:undefined":20,"s:118:6:120:Infinity":47,"s:119:8:119:Infinity":48,"b:121:4:127:Infinity:124:4:127:Infinity":21,"s:121:4:127:Infinity":49,"s:122:6:122:Infinity":50,"s:123:6:123:Infinity":51,"b:124:4:127:Infinity:undefined:undefined:undefined:undefined":22,"s:124:4:127:Infinity":52,"s:125:6:125:Infinity":53,"s:126:6:126:Infinity":54,"s:131:8:139:Infinity":55,"f:131:34:131:35":7,"s:132:4:132:Infinity":56,"b:133:4:135:Infinity:undefined:undefined:undefined:undefined":23,"s:133:4:135:Infinity":57,"s:134:6:134:Infinity":58,"s:136:4:136:Infinity":59,"s:137:4:137:Infinity":60,"s:138:4:138:Infinity":61,"s:142:8:155:Infinity":62,"f:142:40:142:41":8,"s:143:21:143:Infinity":63,"s:144:4:144:Infinity":64,"s:147:10:147:Infinity":65,"b:148:4:154:Infinity:undefined:undefined:undefined:undefined":24,"s:148:4:154:Infinity":66,"b:149:6:151:Infinity:undefined:undefined:undefined:undefined":25,"s:149:6:151:Infinity":67,"s:150:8:150:Infinity":68,"s:152:6:152:Infinity":69,"s:153:6:153:Infinity":70,"s:158:8:168:Infinity":71,"f:158:38:158:44":9,"b:160:4:166:Infinity:undefined:undefined:undefined:undefined":26,"s:160:4:166:Infinity":72,"b:160:8:160:22:160:22:160:54":27,"b:161:6:165:Infinity:163:13:165:Infinity":28,"s:161:6:165:Infinity":73,"s:162:8:162:Infinity":74,"s:164:8:164:Infinity":75,"s:167:4:167:Infinity":76,"s:171:8:179:Infinity":77,"f:171:37:171:43":10,"b:172:4:178:Infinity:174:4:178:Infinity":29,"s:172:4:178:Infinity":78,"s:173:6:173:Infinity":79,"f:173:21:173:22":11,"s:173:22:173:50":80,"b:174:4:178:Infinity:176:11:178:Infinity":30,"s:174:4:178:Infinity":81,"s:175:6:175:Infinity":82,"f:175:21:175:22":12,"s:175:22:175:49":83,"s:177:6:177:Infinity":84,"f:177:21:177:22":13,"s:177:22:177:50":85,"s:181:8:189:Infinity":86,"f:181:33:181:39":14,"b:182:4:188:Infinity:184:4:188:Infinity":31,"s:182:4:188:Infinity":87,"s:183:6:183:Infinity":88,"f:183:21:183:22":15,"s:183:22:183:49":89,"b:184:4:188:Infinity:186:11:188:Infinity":32,"s:184:4:188:Infinity":90,"s:185:6:185:Infinity":91,"f:185:21:185:22":16,"s:185:22:185:48":92,"s:187:6:187:Infinity":93,"f:187:21:187:22":17,"s:187:22:187:49":94,"s:192:25:197:Infinity":95,"b:194:4:194:21:194:21:194:Infinity":33,"b:195:4:195:21:195:21:195:Infinity":34,"b:196:4:196:13:196:13:196:Infinity":35,"s:200:28:204:Infinity":96,"b:202:4:202:21:202:21:202:Infinity":36,"b:203:4:203:21:203:21:203:Infinity":37,"s:207:32:256:Infinity":97,"f:207:32:207:Infinity":18,"s:208:4:256:Infinity":98,"b:221:7:221:Infinity:222:8:231:Infinity":38,"b:234:7:234:Infinity:235:8:243:Infinity":39,"b:246:7:246:Infinity:247:8:254:Infinity":40,"b:260:2:266:Infinity:undefined:undefined:undefined:undefined":41,"s:260:2:266:Infinity":99,"s:261:4:264:Infinity":100,"b:262:42:262:55:262:55:262:57":42,"s:268:2:317:Infinity":101,"b:269:46:269:59:269:59:269:61":43,"f:278:17:278:23":19,"s:279:10:279:Infinity":102,"s:280:10:280:Infinity":103,"b:283:21:283:36:283:36:283:Infinity":44,"b:294:7:294:20:294:20:294:36:294:36:294:49:294:49:294:Infinity:295:8:303:Infinity":45}}}
,"/home/mamang/Projects/ui-lib/src/components/Calendar/DatePicker/index.ts": {"path":"/home/mamang/Projects/ui-lib/src/components/Calendar/DatePicker/index.ts","statementMap":{},"fnMap":{},"branchMap":{},"s":{},"f":{},"b":{},"meta":{"lastBranch":0,"lastFunction":0,"lastStatement":0,"seen":{}}}
,"/home/mamang/Projects/ui-lib/src/components/Calendar/DateRangePicker/DateRangePicker.tsx": {"path":"/home/mamang/Projects/ui-lib/src/components/Calendar/DateRangePicker/DateRangePicker.tsx","statementMap":{"0":{"start":{"line":24,"column":38},"end":{"line":48,"column":null}},"1":{"start":{"line":27,"column":21},"end":{"line":27,"column":null}},"2":{"start":{"line":32,"column":12},"end":{"line":32,"column":null}},"3":{"start":{"line":33,"column":6},"end":{"line":33,"column":null}},"4":{"start":{"line":38,"column":21},"end":{"line":38,"column":null}},"5":{"start":{"line":42,"column":21},"end":{"line":42,"column":null}},"6":{"start":{"line":46,"column":21},"end":{"line":46,"column":null}},"7":{"start":{"line":51,"column":21},"end":{"line":55,"column":null}},"8":{"start":{"line":52,"column":17},"end":{"line":52,"column":null}},"9":{"start":{"line":53,"column":2},"end":{"line":53,"column":null}},"10":{"start":{"line":54,"column":2},"end":{"line":54,"column":null}},"11":{"start":{"line":57,"column":63},"end":{"line":449,"column":null}},"12":{"start":{"line":88,"column":26},"end":{"line":88,"column":null}},"13":{"start":{"line":89,"column":44},"end":{"line":89,"column":null}},"14":{"start":{"line":90,"column":40},"end":{"line":90,"column":null}},"15":{"start":{"line":91,"column":8},"end":{"line":91,"column":null}},"16":{"start":{"line":94,"column":32},"end":{"line":94,"column":null}},"17":{"start":{"line":95,"column":28},"end":{"line":95,"column":null}},"18":{"start":{"line":96,"column":32},"end":{"line":96,"column":null}},"19":{"start":{"line":97,"column":40},"end":{"line":97,"column":null}},"20":{"start":{"line":100,"column":30},"end":{"line":100,"column":null}},"21":{"start":{"line":101,"column":36},"end":{"line":101,"column":null}},"22":{"start":{"line":102,"column":38},"end":{"line":102,"column":null}},"23":{"start":{"line":105,"column":8},"end":{"line":105,"column":null}},"24":{"start":{"line":105,"column":25},"end":{"line":105,"column":71}},"25":{"start":{"line":106,"column":17},"end":{"line":106,"column":null}},"26":{"start":{"line":109,"column":21},"end":{"line":109,"column":null}},"27":{"start":{"line":112,"column":2},"end":{"line":125,"column":null}},"28":{"start":{"line":113,"column":4},"end":{"line":113,"column":null}},"29":{"start":{"line":114,"column":4},"end":{"line":114,"column":null}},"30":{"start":{"line":115,"column":4},"end":{"line":119,"column":null}},"31":{"start":{"line":116,"column":6},"end":{"line":116,"column":null}},"32":{"start":{"line":118,"column":6},"end":{"line":118,"column":null}},"33":{"start":{"line":120,"column":4},"end":{"line":124,"column":null}},"34":{"start":{"line":121,"column":6},"end":{"line":121,"column":null}},"35":{"start":{"line":123,"column":6},"end":{"line":123,"column":null}},"36":{"start":{"line":128,"column":8},"end":{"line":138,"column":null}},"37":{"start":{"line":129,"column":4},"end":{"line":129,"column":null}},"38":{"start":{"line":129,"column":30},"end":{"line":129,"column":null}},"39":{"start":{"line":130,"column":4},"end":{"line":130,"column":null}},"40":{"start":{"line":131,"column":4},"end":{"line":131,"column":null}},"41":{"start":{"line":132,"column":4},"end":{"line":132,"column":null}},"42":{"start":{"line":133,"column":4},"end":{"line":136,"column":null}},"43":{"start":{"line":134,"column":6},"end":{"line":134,"column":null}},"44":{"start":{"line":135,"column":6},"end":{"line":135,"column":null}},"45":{"start":{"line":137,"column":4},"end":{"line":137,"column":null}},"46":{"start":{"line":140,"column":8},"end":{"line":144,"column":null}},"47":{"start":{"line":141,"column":4},"end":{"line":141,"column":null}},"48":{"start":{"line":142,"column":4},"end":{"line":142,"column":null}},"49":{"start":{"line":143,"column":4},"end":{"line":143,"column":null}},"50":{"start":{"line":147,"column":8},"end":{"line":191,"column":null}},"51":{"start":{"line":148,"column":4},"end":{"line":161,"column":null}},"52":{"start":{"line":150,"column":6},"end":{"line":154,"column":null}},"53":{"start":{"line":151,"column":8},"end":{"line":151,"column":null}},"54":{"start":{"line":153,"column":8},"end":{"line":153,"column":null}},"55":{"start":{"line":155,"column":6},"end":{"line":159,"column":null}},"56":{"start":{"line":156,"column":8},"end":{"line":156,"column":null}},"57":{"start":{"line":158,"column":8},"end":{"line":158,"column":null}},"58":{"start":{"line":160,"column":6},"end":{"line":160,"column":null}},"59":{"start":{"line":163,"column":4},"end":{"line":190,"column":null}},"60":{"start":{"line":164,"column":6},"end":{"line":164,"column":null}},"61":{"start":{"line":165,"column":6},"end":{"line":165,"column":null}},"62":{"start":{"line":166,"column":6},"end":{"line":166,"column":null}},"63":{"start":{"line":167,"column":6},"end":{"line":167,"column":null}},"64":{"start":{"line":168,"column":6},"end":{"line":168,"column":null}},"65":{"start":{"line":169,"column":6},"end":{"line":169,"column":null}},"66":{"start":{"line":171,"column":21},"end":{"line":171,"column":null}},"67":{"start":{"line":172,"column":19},"end":{"line":172,"column":null}},"68":{"start":{"line":175,"column":6},"end":{"line":178,"column":null}},"69":{"start":{"line":176,"column":8},"end":{"line":176,"column":null}},"70":{"start":{"line":177,"column":8},"end":{"line":177,"column":null}},"71":{"start":{"line":180,"column":6},"end":{"line":180,"column":null}},"72":{"start":{"line":181,"column":6},"end":{"line":181,"column":null}},"73":{"start":{"line":182,"column":6},"end":{"line":182,"column":null}},"74":{"start":{"line":183,"column":6},"end":{"line":183,"column":null}},"75":{"start":{"line":183,"column":20},"end":{"line":183,"column":null}},"76":{"start":{"line":184,"column":6},"end":{"line":184,"column":null}},"77":{"start":{"line":184,"column":18},"end":{"line":184,"column":null}},"78":{"start":{"line":185,"column":6},"end":{"line":185,"column":null}},"79":{"start":{"line":187,"column":6},"end":{"line":189,"column":null}},"80":{"start":{"line":188,"column":8},"end":{"line":188,"column":null}},"81":{"start":{"line":194,"column":8},"end":{"line":204,"column":null}},"82":{"start":{"line":195,"column":18},"end":{"line":195,"column":null}},"83":{"start":{"line":196,"column":4},"end":{"line":196,"column":null}},"84":{"start":{"line":197,"column":4},"end":{"line":197,"column":null}},"85":{"start":{"line":198,"column":4},"end":{"line":198,"column":null}},"86":{"start":{"line":198,"column":25},"end":{"line":198,"column":null}},"87":{"start":{"line":199,"column":4},"end":{"line":199,"column":null}},"88":{"start":{"line":199,"column":23},"end":{"line":199,"column":null}},"89":{"start":{"line":200,"column":4},"end":{"line":200,"column":null}},"90":{"start":{"line":201,"column":4},"end":{"line":203,"column":null}},"91":{"start":{"line":202,"column":6},"end":{"line":202,"column":null}},"92":{"start":{"line":207,"column":8},"end":{"line":215,"column":null}},"93":{"start":{"line":208,"column":4},"end":{"line":208,"column":null}},"94":{"start":{"line":209,"column":4},"end":{"line":209,"column":null}},"95":{"start":{"line":210,"column":4},"end":{"line":210,"column":null}},"96":{"start":{"line":211,"column":4},"end":{"line":211,"column":null}},"97":{"start":{"line":212,"column":4},"end":{"line":212,"column":null}},"98":{"start":{"line":213,"column":4},"end":{"line":213,"column":null}},"99":{"start":{"line":214,"column":4},"end":{"line":214,"column":null}},"100":{"start":{"line":218,"column":8},"end":{"line":227,"column":null}},"101":{"start":{"line":219,"column":4},"end":{"line":226,"column":null}},"102":{"start":{"line":220,"column":6},"end":{"line":220,"column":null}},"103":{"start":{"line":220,"column":22},"end":{"line":220,"column":50}},"104":{"start":{"line":221,"column":6},"end":{"line":221,"column":null}},"105":{"start":{"line":221,"column":23},"end":{"line":221,"column":51}},"106":{"start":{"line":222,"column":4},"end":{"line":226,"column":null}},"107":{"start":{"line":223,"column":6},"end":{"line":223,"column":null}},"108":{"start":{"line":223,"column":22},"end":{"line":223,"column":49}},"109":{"start":{"line":225,"column":6},"end":{"line":225,"column":null}},"110":{"start":{"line":225,"column":22},"end":{"line":225,"column":50}},"111":{"start":{"line":229,"column":8},"end":{"line":238,"column":null}},"112":{"start":{"line":230,"column":4},"end":{"line":237,"column":null}},"113":{"start":{"line":231,"column":6},"end":{"line":231,"column":null}},"114":{"start":{"line":231,"column":22},"end":{"line":231,"column":49}},"115":{"start":{"line":232,"column":6},"end":{"line":232,"column":null}},"116":{"start":{"line":232,"column":23},"end":{"line":232,"column":50}},"117":{"start":{"line":233,"column":4},"end":{"line":237,"column":null}},"118":{"start":{"line":234,"column":6},"end":{"line":234,"column":null}},"119":{"start":{"line":234,"column":22},"end":{"line":234,"column":48}},"120":{"start":{"line":236,"column":6},"end":{"line":236,"column":null}},"121":{"start":{"line":236,"column":22},"end":{"line":236,"column":49}},"122":{"start":{"line":241,"column":25},"end":{"line":246,"column":null}},"123":{"start":{"line":249,"column":28},"end":{"line":253,"column":null}},"124":{"start":{"line":256,"column":24},"end":{"line":273,"column":null}},"125":{"start":{"line":257,"column":4},"end":{"line":257,"column":null}},"126":{"start":{"line":257,"column":22},"end":{"line":257,"column":null}},"127":{"start":{"line":259,"column":4},"end":{"line":271,"column":null}},"128":{"start":{"line":262,"column":10},"end":{"line":269,"column":null}},"129":{"start":{"line":266,"column":27},"end":{"line":266,"column":null}},"130":{"start":{"line":276,"column":32},"end":{"line":370,"column":null}},"131":{"start":{"line":277,"column":4},"end":{"line":370,"column":null}},"132":{"start":{"line":299,"column":34},"end":{"line":299,"column":null}},"133":{"start":{"line":317,"column":34},"end":{"line":317,"column":null}},"134":{"start":{"line":329,"column":34},"end":{"line":329,"column":null}},"135":{"start":{"line":355,"column":34},"end":{"line":355,"column":null}},"136":{"start":{"line":374,"column":2},"end":{"line":380,"column":null}},"137":{"start":{"line":375,"column":4},"end":{"line":378,"column":null}},"138":{"start":{"line":382,"column":2},"end":{"line":447,"column":null}},"139":{"start":{"line":394,"column":12},"end":{"line":394,"column":null}},"140":{"start":{"line":395,"column":12},"end":{"line":395,"column":null}}},"fnMap":{"0":{"name":"(anonymous_0)","decl":{"start":{"line":27,"column":14},"end":{"line":27,"column":21}},"loc":{"start":{"line":27,"column":21},"end":{"line":27,"column":null}},"line":27},"1":{"name":"(anonymous_1)","decl":{"start":{"line":31,"column":14},"end":{"line":31,"column":20}},"loc":{"start":{"line":31,"column":20},"end":{"line":34,"column":null}},"line":31},"2":{"name":"(anonymous_2)","decl":{"start":{"line":38,"column":14},"end":{"line":38,"column":21}},"loc":{"start":{"line":38,"column":21},"end":{"line":38,"column":null}},"line":38},"3":{"name":"(anonymous_3)","decl":{"start":{"line":42,"column":14},"end":{"line":42,"column":21}},"loc":{"start":{"line":42,"column":21},"end":{"line":42,"column":null}},"line":42},"4":{"name":"(anonymous_4)","decl":{"start":{"line":46,"column":14},"end":{"line":46
[...]
28,"column":24},"end":{"line":130,"column":null}},"type":"cond-expr","locations":[{"start":{"line":129,"column":10},"end":{"line":129,"column":null}},{"start":{"line":130,"column":10},"end":{"line":130,"column":null}}],"line":128},"19":{"loc":{"start":{"line":142,"column":6},"end":{"line":146,"column":null}},"type":"if","locations":[{"start":{"line":142,"column":6},"end":{"line":146,"column":null}},{"start":{"line":144,"column":13},"end":{"line":146,"column":null}}],"line":142},"20":{"loc":{"start":{"line":153,"column":4},"end":{"line":153,"column":null}},"type":"if","locations":[{"start":{"line":153,"column":4},"end":{"line":153,"column":null}},{"start":{},"end":{}}],"line":153},"21":{"loc":{"start":{"line":155,"column":19},"end":{"line":155,"column":null}},"type":"cond-expr","locations":[{"start":{"line":155,"column":42},"end":{"line":155,"column":50}},{"start":{"line":155,"column":50},"end":{"line":155,"column":null}}],"line":155},"22":{"loc":{"start":{"line":160,"column":8},"end":{"line":162,"column":null}},"type":"if","locations":[{"start":{"line":160,"column":8},"end":{"line":162,"column":null}},{"start":{},"end":{}}],"line":160},"23":{"loc":{"start":{"line":163,"column":8},"end":{"line":165,"column":null}},"type":"if","locations":[{"start":{"line":163,"column":8},"end":{"line":165,"column":null}},{"start":{},"end":{}}],"line":163},"24":{"loc":{"start":{"line":175,"column":4},"end":{"line":175,"column":null}},"type":"if","locations":[{"start":{"line":175,"column":4},"end":{"line":175,"column":null}},{"start":{},"end":{}}],"line":175},"25":{"loc":{"start":{"line":182,"column":31},"end":{"line":182,"column":null}},"type":"cond-expr","locations":[{"start":{"line":182,"column":47},"end":{"line":182,"column":82}},{"start":{"line":182,"column":82},"end":{"line":182,"column":null}}],"line":182},"26":{"loc":{"start":{"line":184,"column":6},"end":{"line":189,"column":null}},"type":"if","locations":[{"start":{"line":184,"column":6},"end":{"line":189,"column":null}},{"start":{},"end":{}}],"line":184},"27":{"loc":{"start":{"line":184,"column":10},"end":{"line":184,"column":50}},"type":"binary-expr","locations":[{"start":{"line":184,"column":10},"end":{"line":184,"column":21}},{"start":{"line":184,"column":21},"end":{"line":184,"column":50}}],"line":184},"28":{"loc":{"start":{"line":187,"column":20},"end":{"line":187,"column":null}},"type":"cond-expr","locations":[{"start":{"line":187,"column":50},"end":{"line":187,"column":69}},{"start":{"line":187,"column":69},"end":{"line":187,"column":null}}],"line":187},"29":{"loc":{"start":{"line":197,"column":4},"end":{"line":197,"column":null}},"type":"if","locations":[{"start":{"line":197,"column":4},"end":{"line":197,"column":null}},{"start":{},"end":{}}],"line":197},"30":{"loc":{"start":{"line":204,"column":8},"end":{"line":214,"column":null}},"type":"if","locations":[{"start":{"line":204,"column":8},"end":{"line":214,"column":null}},{"start":{},"end":{}}],"line":204},"31":{"loc":{"start":{"line":204,"column":12},"end":{"line":204,"column":55}},"type":"binary-expr","locations":[{"start":{"line":204,"column":12},"end":{"line":204,"column":29}},{"start":{"line":204,"column":29},"end":{"line":204,"column":55}}],"line":204},"32":{"loc":{"start":{"line":207,"column":14},"end":{"line":208,"column":null}},"type":"binary-expr","locations":[{"start":{"line":207,"column":14},"end":{"line":207,"column":null}},{"start":{"line":208,"column":15},"end":{"line":208,"column":33}},{"start":{"line":208,"column":33},"end":{"line":208,"column":null}}],"line":207},"33":{"loc":{"start":{"line":210,"column":10},"end":{"line":212,"column":null}},"type":"if","locations":[{"start":{"line":210,"column":10},"end":{"line":212,"column":null}},{"start":{},"end":{}}],"line":210},"34":{"loc":{"start":{"line":232,"column":4},"end":{"line":232,"column":null}},"type":"if","locations":[{"start":{"line":232,"column":4},"end":{"line":232,"column":null}},{"start":{},"end":{}}],"line":232},"35":{"loc":{"start":{"line":234,"column":4},"end":{"line":243,"column":null}},"type":"if","locations":[{"start":{"line":234,"column":4},"end":{"line":243,"column":null}},{"start":{},"end":{}}],"line":234},"36":{"loc":{"start":{"line":236,"column":6},"end":{"line":242,"column":null}},"type":"if","locations":[{"start":{"line":236,"column":6},"end":{"line":242,"column":null}},{"start":{},"end":{}}],"line":236},"37":{"loc":{"start":{"line":249,"column":44},"end":{"line":249,"column":77}},"type":"default-arg","locations":[{"start":{"line":249,"column":60},"end":{"line":249,"column":77}}],"line":249},"38":{"loc":{"start":{"line":250,"column":24},"end":{"line":250,"column":null}},"type":"binary-expr","locations":[{"start":{"line":250,"column":24},"end":{"line":250,"column":41}},{"start":{"line":250,"column":41},"end":{"line":250,"column":null}}],"line":250},"39":{"loc":{"start":{"line":252,"column":23},"end":{"line":254,"column":null}},"type":"cond-expr","locations":[{"start":{"line":253,"column":8},"end":{"line":253,"column":null}},{"start":{"line":254,"column":8},"end":{"line":254,"column":null}}],"line":252},"40":{"loc":{"start":{"line":253,"column":8},"end":{"line":253,"column":null}},"type":"binary-expr","locations":[{"start":{"line":253,"column":8},"end":{"line":253,"column":32}},{"start":{"line":253,"column":32},"end":{"line":253,"column":null}}],"line":253},"41":{"loc":{"start":{"line":259,"column":50},"end":{"line":259,"column":91}},"type":"cond-expr","locations":[{"start":{"line":259,"column":63},"end":{"line":259,"column":89}},{"start":{"line":259,"column":89},"end":{"line":259,"column":91}}],"line":259},"42":{"loc":{"start":{"line":260,"column":12},"end":{"line":260,"column":null}},"type":"cond-expr","locations":[{"start":{"line":260,"column":28},"end":{"line":260,"column":54}},{"start":{"line":260,"column":54},"end":{"line":260,"column":null}}],"line":260},"43":{"loc":{"start":{"line":264,"column":11},"end":{"line":273,"column":null}},"type":"cond-expr","locations":[{"start":{"line":265,"column":12},"end":{"line":271,"column":null}},{"start":{"line":273,"column":12},"end":{"line":273,"column":null}}],"line":264},"44":{"loc":{"start":{"line":268,"column":26},"end":{"line":268,"column":null}},"type":"cond-expr","locations":[{"start":{"line":268,"column":39},"end":{"line":268,"column":52}},{"start":{"line":268,"column":52},"end":{"line":268,"column":null}}],"line":268},"45":{"loc":{"start":{"line":270,"column":15},"end":{"line":270,"column":null}},"type":"cond-expr","locations":[{"start":{"line":270,"column":28},"end":{"line":270,"column":75}},{"start":{"line":270,"column":75},"end":{"line":270,"column":null}}],"line":270},"46":{"loc":{"start":{"line":276,"column":11},"end":{"line":283,"column":null}},"type":"binary-expr","locations":[{"start":{"line":276,"column":11},"end":{"line":276,"column":null}},{"start":{"line":277,"column":12},"end":{"line":283,"column":null}}],"line":276},"47":{"loc":{"start":{"line":282,"column":24},"end":{"line":282,"column":null}},"type":"binary-expr","locations":[{"start":{"line":282,"column":24},"end":{"line":282,"column":36}},{"start":{"line":282,"column":36},"end":{"line":282,"column":null}}],"line":282},"48":{"loc":{"start":{"line":288,"column":27},"end":{"line":288,"column":null}},"type":"binary-expr","locations":[{"start":{"line":288,"column":27},"end":{"line":288,"column":40}},{"start":{"line":288,"column":40},"end":{"line":288,"column":null}}],"line":288},"49":{"loc":{"start":{"line":289,"column":18},"end":{"line":289,"column":null}},"type":"cond-expr","locations":[{"start":{"line":289,"column":30},"end":{"line":289,"column":41}},{"start":{"line":289,"column":41},"end":{"line":289,"column":null}}],"line":289},"50":{"loc":{"start":{"line":291,"column":13},"end":{"line":291,"column":null}},"type":"binary-expr","locations":[{"start":{"line":291,"column":13},"end":{"line":291,"column":26}},{"start":{"line":291,"column":26},"end":{"line":291,"column":null}}],"line":291},"51":{"loc":{"start":{"line":296,"column":9},"end":{"line":301,"column":null}},"type":"binary-expr","locations":[{"start":{"line":296,"column":9},"end":{"line":296,"column":24}},{"start":{"line":296,"column":24},"end":{"line":296,"column":null}},{"start":{"line":297,"column":10},"end":{"line":301,"column":null}}],"line":296},"52":{"loc":{"start":{"line":310,"column":17},"end":{"line":310,"column":35}},"type":"cond-expr","locations":[{"start":{"line":310,"column":28},"end":{"line":310,"column":33}},{"start":{"line":310,"column":33},"end":{"line":310,"column":35}}],"line":310},"53":{"loc":{"start":{"line":314,"column":26},"end":{"line":314,"column":null}},"type":"binary-expr","locations":[{"start":{"line":314,"column":26},"end":{"line":314,"column":39}},{"start":{"line":314,"column":39},"end":{"line":314,"column":52}},{"start":{"line":314,"column":52},"end":{"line":314,"column":null}}],"line":314},"54":{"loc":{"start":{"line":320,"column":50},"end":{"line":320,"column":81}},"type":"cond-expr","locations":[{"start":{"line":320,"column":61},"end":{"line":320,"column":79}},{"start":{"line":320,"column":79},"end":{"line":320,"column":81}}],"line":320},"55":{"loc":{"start":{"line":321,"column":23},"end":{"line":321,"column":null}},"type":"binary-expr","locations":[{"start":{"line":321,"column":23},"end":{"line":321,"column":36}},{"start":{"line":321,"column":36},"end":{"line":321,"column":null}}],"line":321},"56":{"loc":{"start":{"line":325,"column":18},"end":{"line":325,"column":null}},"type":"cond-expr","locations":[{"start":{"line":325,"column":29},"end":{"line":325,"column":34}},{"start":{"line":325,"column":34},"end":{"line":325,"column":null}}],"line":325},"57":{"loc":{"start":{"line":327,"column":54},"end":{"line":327,"column":94}},"type":"cond-expr","locations":[{"start":{"line":327,"column":71},"end":{"line":327,"column":92}},{"start":{"line":327,"column":92},"end":{"line":327,"column":94}}],"line":327},"58":{"loc":{"start":{"line":328,"column":11},"end":{"line":328,"column":null}},"type":"binary-expr","locations":[{"start":{"line":328,"column":11},"end":{"line":328,"column":28}},{"start":{"line":328,"column":28},"end":{"line":328,"column":null}}],"line":328},"59":{"loc":{"start":{"line":331,"column":11},"end":{"line":338,"column":null}},"type":"binary-expr","locations":[{"start":{"line":331,"column":11},"end":{"line":331,"column":null}},{"start":{"line":332,"column":12},"end":{"line":338,"column":null}}],"line":331},"60":{"loc":{"start":{"line":341,"column":51},"end":{"line":341,"column":90}},"type":"cond-expr","locations":[{"start":{"line":341,"column":60},"end":{"line":341,"column":88}},{"start":{"line":341,"column":88},"end":{"line":341,"column":90}}],"line":341},"61":{"loc":{"start":{"line":348,"column":7},"end":{"line":372,"column":null}},"type":"binary-expr","locations":[{"start":{"line":348,"column":7},"end":{"line":348,"column":null}},{"start":{"line":349,"column":8},"end":{"line":372,"column":null}}],"line":348},"62":{"loc":{"start":{"line":350,"column":11},"end":{"line":360,"column":null}},"type":"binary-expr","locations":[{"start":{"line":350,"column":11},"end":{"line":350,"column":null}},{"start":{"line":351,"column":12},"end":{"line":360,"column":null}}],"line":350},"63":{"loc":{"start":{"line":364,"column":13},"end":{"line":369,"column":null}},"type":"cond-expr","locations":[{"start":{"line":365,"column":14},"end":{"line":365,"column":null}},{"start":{"line":367,"column":14},"end":{"line":369,"column":null}}],"line":364}},"s":{"0":1,"1":1,"2":129,"3":129,"4":129,"5":129,"6":129,"7":129,"8":129,"9":129,"10":77,"11":49,"12":28,"13":25,"14":1,"15":28,"16":28,"17":28,"18":129,"19":14,"20":14,"21":14,"22":129,"23":12,"24":0,"25":12,"26":7,"27":7,"28":1,"29":7,"30":5,"31":5,"32":129,"33":9,"34":9,"35":9,"36":1,"37":8,"38":9,"39":129,"40":129,"41":109,"42":20,"43":129,"44":129,"45":26,"46":68,"47":22,"48":68,"49":6,"50":129,"51":129,"52":129,"53":265,"54":95,"55":170,"56":170,"57":170,"58":306,"59":306,"60":306,"61":71,"62":170,"63":129,"64":69,"65":0,"66":69,"67":69,"68":69,"69":216,"70":345,"71":147,"72":203,"73":147,"74":23,"75":147,"76":69,"77":69,"78":129,"79":43,"80":43,"81":43,"82":129,"83":69,"84":0,"85":69,"86":26,"87":26,"88":8,"89":8,"90":8,"91":16,"92":8,"93":129,"94":129,"95":207,"96":207,"97":207,"98":207,"99":9,"100":7,"101":5,"102":54,"103":129,"104":2,"105":2,"106":129,"107":129,"108":129,"109":29,"110":26,"111":153},"f":{"0":129,"1":77,"2":25,"3":28,"4":14,"5":12,"6":1,"7":9,"8":9,"9":129,"10":26,"11":68,"12":265,"13":306,"14":69,"15":216,"16":345,"17":203,"18":43,"19":43,"20":69,"21":8,"22":16,"23":207,"24":9,"25":7,"26":5,"27":54,"28":2,"29":29,"30":26,"31":153},"b":{"0":[129],"1":[129],"2":[129],"3":[129],"4":[129],"5":[129],"6":[129],"7":[129],"8":[129],"9":[1,128],"10":[49,28],"11":[1,24],"12":[25,25],"13":[14,0],"14":[0,12],"15":[7,5],"16":[3,4],"17":[0,4],"18":[1,6],"19":[1,8],"20":[109,20],"21":[10,10],"22":[22,46],"23":[6,62],"24":[95,170],"25":[136,170],"26":[71,235],"27":[306,261],"28":[32,39],"29":[0,69],"30":[147,198],"31":[345,147],"32":[203,187,43],"33":[23,124],"34":[0,69],"35":[26,43],"36":[8,18],"37":[207],"38":[207,105],"39":[41,166],"40":[41,21],"41":[8,199],"42":[2,205],"43":[105,102],"44":[38,67],"45":[38,67],"46":[207,41],"47":[41,41],"48":[5,5],"49":[166,41],"50":[207,4],"51":[207,105,38],"52":[1,1],"53":[129,9,9],"54":[2,127],"55":[29,28],"56":[2,127],"57":[111,18],"58":[129,111],"59":[129,5],"60":[78,51],"61":[129,78],"62":[78,42],"63":[10,68]},"meta":{"lastBranch":64,"lastFunction":32,"lastStatement":112,"seen":{"s:8:56:12:Infinity":0,"s:75:26:376:Infinity":1,"f:75:26:75:27":0,"b:78:17:78:Infinity":0,"b:80:13:80:Infinity":1,"b:81:15:81:Infinity":2,"b:82:22:82:Infinity":3,"b:83:16:83:Infinity":4,"b:84:9:84:Infinity":5,"b:85:13:85:Infinity":6,"b:86:14:86:Infinity":7,"b:87:14:87:Infinity":8,"s:89:48:91:Infinity":2,"s:92:26:92:Infinity":3,"s:93:36:93:Infinity":4,"s:94:40:94:Infinity":5,"s:95:8:95:Infinity":6,"s:96:8:96:Infinity":7,"s:98:16:98:Infinity":8,"b:98:48:98:66:98:66:98:Infinity":9,"s:101:2:112:Infinity":9,"f:101:12:101:18":1,"b:102:4:102:Infinity:undefined:undefined:undefined:undefined":10,"s:102:4:102:Infinity":10,"s:102:17:102:Infinity":11,"s:104:31:108:Infinity":12,"f:104:31:104:32":2,"b:105:6:107:Infinity:undefined:undefined:undefined:undefined":11,"s:105:6:107:Infinity":13,"b:105:10:105:34:105:34:105:88":12,"s:106:8:106:Infinity":14,"s:110:4:110:Infinity":15,"s:111:4:111:Infinity":16,"f:111:11:111:17":3,"s:111:17:111:Infinity":17,"s:115:23:120:Infinity":18,"f:115:23:115:24":4,"b:116:4:118:Infinity:undefined:undefined:undefined:undefined":13,"s:116:4:118:Infinity":19,"s:117:6:117:Infinity":20,"s:119:4:119:Infinity":21,"s:123:27:136:Infinity":22,"f:123:27:123:28":5,"b:124:4:124:Infinity:undefined:undefined:undefined:undefined":14,"s:124:4:124:Infinity":23,"s:124:18:124:Infinity":24,"b:126:4:135:Infinity:132:11:135:Infinity":15,"s:126:4:135:Infinity":25,"s:127:28:127:Infinity":26,"b:127:51:127:59:127:59:127:Infinity":16,"b:127:67:127:77:127:77:127:Infinity":17,"s:128:24:130:Infinity":27,"b:129:10:129:Infinity:130:10:130:Infinity":18,"f:129:31:129:32":6,"s:129:38:129:53":28,"s:131:6:131:Infinity":29,"s:133:6:133:Infinity":30,"s:134:6:134:Infinity":31,"s:139:21:149:Infinity":32,"f:139:21:139:22":7,"s:140:4:148:Infinity":33,"f:140:21:140:22":8,"s:141:19:141:Infinity":34,"b:142:6:146:Infinity:144:13:146:Infinity":19,"s:142:6:146:Infinity":35,"s:143:8:143:Infinity":36,"s:145:8:145:Infinity":37,"s:147:6:147:Infinity":38,"s:152:28:171:Infinity":39,"f:152:28:152:42":9,"b:153:4:153:Infinity:undefined:undefined:undefined:undefined":20,"s:153:4:153:Infinity":40,"s:153:16:153:Infinity":41,"s:155:19:155:Infinity":42,"b:155:42:155:50:155:50:155:Infinity":21,"s:156:29:156:Infinity":43,"s:158:23:167:Infinity":44,"f:158:23:158:24":10,"s:159:6:166:Infinity":45,"f:159:20:159:21":11,"b:160:8:162:Infinity:undefined:undefined:undefined:undefined":22,"s:160:8:162:Infinity":46,"s:161:10:161:Infinity":47,"b:163:8:165:Infinity:undefined:undefined:undefined:undefined":23,"s:163:8:165:Infinity":48,"s:164:10:164:Infinity":49,"s:169:4:169:Infinity":50,"s:170:4:170:Infinity":51,"s:174:21:193:Infinity":52,"f:174:21:174:22":12,"b:175:4:175:Infinity:undefined:undefined:undefined:undefined":24,"s:175:4:175:Infinity":53,"s:175:16:175:Infinity":54,"s:177:14:177:Infinity":55,"s:178:39:178:Infinity":56,"s:180:4:190:Infinity":57,"f:180:18:180:19":13,"s:181:22:181:Infinity":58,"s:182:31:182:Infinity":59,"b:182:47:182:82:182:82:182:Infinity":25,"b:184:6:189:Infinity:undefined:undefined:undefined:undefined":26,"s:184:6:189:Infinity":60,"b:184:10:184:21:184:21:184:50":27,"s:185:8:188:Infinity":61,"b:187:50:187:69:187:69:187:Infinity":28,"s:192:4:192:Infinity":62,"s:196:33:220:Infinity":63,"f:196:33:196:34":14,"b:197:4:197:Infinity:undefined:undefined:undefined:undefined":29,"s:197:4:197:Infinity":64,"s:197:16:197:Infinity":65,"s:199:14:199:Infinity":66,"s:200:34:200:Infinity":67,"s:202:21:216:Infinity":68,"f:202:21:202:22":15,"s:203:6:215:Infinity":69,"f:203:23:203:24":16,"b:204:8:214:Infinity:undefined:undefined:undefined:undefined":30,"s:204:8:214:Infinity":70,"b:204:12:204:29:204:29:204:55":31,"s:205:40:209:Infinity":71,"f:206:12:206:13":17,"s:207:14:208:Infinity":72,"b:207:14:207:Infinity:208:15:208:33:208:33:208:Infinity":32,"b:210:10:212:Infinity:undefined:undefined:undefined:undefined":33,"s:210:10:212:Infinity":73,"s:211:12:211:Infinity":74,"s:213:10:213:Infinity":75,"s:218:4:218:Infinity":76,"s:219:4:219:Infinity":77,"s:223:2:228:Infinity":78,"f:223:12:223:18":18,"s:224:4:224:Infinity":79,"s:225:4:227:Infinity":80,"f:225:11:225:17":19,"s:226:6:226:Infinity":81,"s:231:2:244:Infinity":82,"f:231:12:231:18":20,"b:232:4:232:Infinity:undefined:undefined:undefined:undefined":34,"s:232:4:232:Infinity":83,"s:232:31:232:Infinity":84,"b:234:4:243:Infinity:undefined:undefined:undefined:undefined":35,"s:234:4:243:Infinity":85,"s:235:28:235:Infinity":86,"b:236:6:242:Infinity:undefined:undefined:undefined:undefined":36,"s:236:6:242:Infinity":87,"s:237:8:241:Infinity":88,"f:237:25:237:26":21,"s:238:23:238:Infinity":89,"s:239:10:239:Infinity":90,"f:239:32:239:33":22,"s:239:47:239:66":91,"s:240:10:240:Infinity":92,"s:246:23:246:Infinity":93,"s:249:21:305:Infinity":94,"f:249:21:249:22":23,"b:249:60:249:77":37,"s:250:24:250:Infinity":95,"b:250:24:250:41:250:41:250:Infinity":38,"s:251:23:251:Infinity":96,"s:252:23:254:Infinity":97,"b:253:8:253:Infinity:254:8:254:Infinity":39,"b:253:8:253:32:253:32:253:Infinity":40,"s:256:4:303:Infinity":98,"b:259:63:259:89:259:89:259:91":41,"b:260:28:260:54:260:54:260:Infinity":42,"b:265:12:271:Infinity:273:12:273:Infinity":43,"f:267:23:267:29":24,"s:267:29:267:Infinity":99,"b:268:39:268:52:268:52:268:Infinity":44,"b:270:28:270:75:270:75:270:Infinity":45,"b:276:11:276:Infinity:277:12:283:Infinity":46,"f:281:24:281:30":25,"s:281:30:281:Infinity":100,"b:282:24:282:36:282:36:282:Infinity":47,"f:288:21:288:27":26,"s:288:27:288:Infinity":101,"b:288:27:288:40:288:40:288:Infinity":48,"b:289:30:289:41:289:41:289:Infinity":49,"b:291:13:291:26:291:26:291:Infinity":50,"b:296:9:296:24:296:24:296:Infinity:297:10:301:Infinity":51,"f:298:32:298:33":27,"s:299:14:299:Infinity":102,"s:308:22:311:Infinity":103,"f:308:22:308:23":28,"s:309:4:309:Infinity":104,"s:310:4:310:Infinity":105,"b:310:28:310:33:310:33:310:35":52,"s:313:24:313:Infinity":106,"s:314:26:314:Infinity":107,"b:314:26:314:39:314:39:314:52:314:52:314:Infinity":53,"s:316:2:374:Infinity":108,"b:320:61:320:79:320:79:320:81":54,"f:321:17:321:23":29,"s:321:23:321:Infinity":109,"b:321:23:321:36:321:36:321:Infinity":55,"b:325:29:325:34:325:34:325:Infinity":56,"b:327:71:327:92:327:92:327:94":57,"b:328:11:328:28:328:28:328:Infinity":58,"b:331:11:331:Infinity:332:12:338:Infinity":59,"b:341:60:341:88:341:88:341:90":60,"b:348:7:348:Infinity:349:8:372:Infinity":61,"b:350:11:350:Infinity:351:12:360:Infinity":62,"f:358:26:358:27":30,"s:358:33:358:Infinity":110,"b:365:14:365:Infinity:367:14:369:Infinity":63,"f:367:31:367:32":31,"s:368:16:368:Infinity":111}}}
}
