TN:
SF:src/components/Alert/Alert.module.css
FNF:0
FNH:0
LF:0
LH:0
BRF:0
BRH:0
end_of_record
TN:
SF:src/components/Alert/Alert.tsx
FN:23,(anonymous_0)
FNF:1
FNH:1
FNDA:15,(anonymous_0)
DA:16,1
DA:23,1
DA:30,15
DA:32,15
DA:55,1
LF:5
LH:5
BRDA:24,0,0,15
BRDA:28,1,0,15
BRDA:39,2,0,15
BRDA:39,2,1,2
BRDA:42,3,0,15
BRDA:42,3,1,3
BRF:6
BRH:6
end_of_record
TN:
SF:src/components/Badge/Badge.module.css
FNF:0
FNH:0
LF:0
LH:0
BRF:0
BRH:0
end_of_record
TN:
SF:src/components/Badge/Badge.tsx
FN:16,(anonymous_0)
FNF:1
FNH:1
FNDA:20,(anonymous_0)
DA:16,1
DA:23,20
DA:32,20
DA:35,1
LF:4
LH:4
BRDA:17,0,0,20
BRDA:18,1,0,20
BRDA:20,2,0,20
BRDA:26,3,0,20
BRDA:26,3,1,4
BRF:5
BRH:5
end_of_record
TN:
SF:src/components/Breadcrumb/Breadcrumb.module.css
FNF:0
FNH:0
LF:0
LH:0
BRF:0
BRH:0
end_of_record
TN:
SF:src/components/Breadcrumb/Breadcrumb.tsx
FN:20,(anonymous_0)
FN:33,(anonymous_1)
FN:75,(anonymous_2)
FN:107,(anonymous_3)
FNF:4
FNH:4
FNDA:17,(anonymous_0)
FNDA:27,(anonymous_1)
FNDA:18,(anonymous_2)
FNDA:9,(anonymous_3)
DA:20,1
DA:27,17
DA:30,17
DA:31,13
DA:34,27
DA:36,27
DA:59,4
DA:75,1
DA:83,18
DA:85,18
DA:107,1
DA:111,9
DA:113,9
DA:117,1
DA:118,1
DA:119,1
LF:16
LH:16
BRDA:22,0,0,17
BRDA:24,1,0,17
BRDA:25,2,0,17
BRDA:30,3,0,13
BRDA:30,3,1,4
BRDA:30,4,0,17
BRDA:30,4,1,14
BRDA:39,5,0,27
BRDA:39,5,1,2
BRDA:40,6,0,14
BRDA:40,6,1,13
BRDA:40,7,0,27
BRDA:40,7,1,14
BRDA:41,8,0,13
BRDA:41,8,1,1
BRDA:50,9,0,27
BRDA:50,9,1,14
BRDA:79,10,0,18
BRDA:80,11,0,18
BRDA:87,12,0,18
BRDA:87,12,1,2
BRDA:88,13,0,10
BRDA:88,13,1,8
BRDA:88,14,0,18
BRDA:88,14,1,13
BRDA:89,15,0,5
BRDA:89,15,1,5
BRDA:108,16,0,9
BRDA:109,17,0,9
BRF:29
BRH:29
end_of_record
TN:
SF:src/components/Button/Button.module.css
FNF:0
FNH:0
LF:0
LH:0
BRF:0
BRH:0
end_of_record
TN:
SF:src/components/Button/Button.tsx
FN:81,(anonymous_0)
FNF:1
FNH:1
FNDA:34,(anonymous_0)
DA:80,1
DA:96,34
DA:107,34
DA:123,1
LF:4
LH:4
BRDA:83,0,0,34
BRDA:84,1,0,34
BRDA:85,2,0,34
BRDA:87,3,0,34
BRDA:89,4,0,34
BRDA:90,5,0,34
BRDA:91,6,0,34
BRDA:100,7,0,34
BRDA:100,7,1,3
BRDA:101,8,0,34
BRDA:101,8,1,2
BRDA:112,9,0,34
BRDA:112,9,1,32
BRDA:116,10,0,34
BRDA:116,10,1,1
BRF:15
BRH:15
end_of_record
TN:
SF:src/components/Card/Card.module.css
FNF:0
FNH:0
LF:0
LH:0
BRF:0
BRH:0
end_of_record
TN:
SF:src/components/Card/Card.tsx
FN:46,(anonymous_0)
FN:52,(anonymous_1)
FN:58,(anonymous_2)
FN:78,(anonymous_3)
FN:84,(anonymous_4)
FN:96,(anonymous_5)
FN:117,(anonymous_6)
FN:123,(anonymous_7)
FNF:8
FNH:8
FNDA:4,(anonymous_0)
FNDA:4,(anonymous_1)
FNDA:4,(anonymous_2)
FNDA:4,(anonymous_3)
FNDA:3,(anonymous_4)
FNDA:28,(anonymous_5)
FNDA:3,(anonymous_6)
FNDA:2,(anonymous_7)
DA:46,1
DA:47,4
DA:52,1
DA:53,4
DA:58,1
DA:65,4
DA:69,4
DA:78,1
DA:79,4
DA:84,1
DA:85,3
DA:96,1
DA:105,28
DA:117,28
DA:118,3
DA:119,2
DA:123,28
DA:124,2
DA:125,2
DA:126,2
DA:130,28
DA:145,1
DA:146,1
DA:147,1
DA:148,1
DA:149,1
LF:26
LH:26
BRDA:46,0,0,4
BRDA:52,1,0,4
BRDA:61,2,0,4
BRDA:62,3,0,4
BRDA:63,4,0,4
BRDA:66,5,0,1
BRDA:66,5,1,3
BRDA:71,6,0,2
BRDA:71,6,1,2
BRDA:78,7,0,4
BRDA:84,8,0,3
BRDA:98,9,0,28
BRDA:99,10,0,28
BRDA:100,11,0,28
BRDA:101,12,0,28
BRDA:103,13,0,28
BRDA:107,14,0,28
BRDA:107,14,1,2
BRDA:108,15,0,28
BRDA:108,15,1,1
BRDA:109,16,0,28
BRDA:109,16,1,3
BRDA:110,17,0,28
BRDA:110,17,1,6
BRDA:111,18,0,28
BRDA:111,18,1,2
BRDA:118,19,0,2
BRDA:118,19,1,1
BRDA:118,20,0,3
BRDA:118,20,1,2
BRDA:118,20,2,2
BRDA:124,21,0,2
BRDA:124,21,1,0
BRDA:124,22,0,2
BRDA:124,22,1,0
BRDA:124,22,2,2
BRDA:124,22,3,2
BRDA:124,22,4,1
BRDA:135,23,0,7
BRDA:135,23,1,21
BRDA:135,24,0,28
BRDA:135,24,1,22
BRDA:135,24,2,9
BRDA:136,25,0,7
BRDA:136,25,1,21
BRDA:136,26,0,28
BRDA:136,26,1,22
BRDA:136,26,2,9
BRDA:137,27,0,6
BRDA:137,27,1,22
BRF:50
BRH:48
end_of_record
TN:
SF:src/components/Checkbox/Checkbox.module.css
FNF:0
FNH:0
LF:0
LH:0
BRF:0
BRH:0
end_of_record
TN:
SF:src/components/Checkbox/Checkbox.tsx
FN:18,(anonymous_0)
FN:40,(anonymous_1)
FNF:2
FNH:2
FNDA:26,(anonymous_0)
FNDA:25,(anonymous_1)
DA:17,1
DA:33,26
DA:34,26
DA:35,26
DA:36,26
DA:37,26
DA:40,26
DA:41,25
DA:42,24
DA:47,26
DA:50,26
DA:52,26
DA:95,1
LF:13
LH:13
BRDA:22,0,0,26
BRDA:24,1,0,26
BRDA:25,2,0,26
BRDA:26,3,0,26
BRDA:27,4,0,26
BRDA:33,5,0,26
BRDA:33,5,1,25
BRDA:35,6,0,26
BRDA:35,6,1,4
BRDA:35,6,2,23
BRDA:37,7,0,26
BRDA:37,7,1,24
BRDA:41,8,0,24
BRDA:41,8,1,1
BRDA:47,9,0,1
BRDA:47,9,1,25
BRDA:47,10,0,1
BRDA:47,10,1,24
BRDA:50,11,0,1
BRDA:50,11,1,25
BRDA:50,12,0,1
BRDA:50,12,1,24
BRDA:55,13,0,4
BRDA:55,13,1,22
BRDA:56,14,0,2
BRDA:56,14,1,24
BRDA:66,15,0,26
BRDA:66,15,1,22
BRDA:67,16,0,4
BRDA:67,16,1,22
BRDA:74,17,0,26
BRDA:74,17,1,17
BRDA:78,18,0,26
BRDA:78,18,1,4
BRDA:78,18,2,3
BRDA:87,19,0,26
BRDA:87,19,1,22
BRDA:87,19,2,1
BRF:38
BRH:38
end_of_record
TN:
SF:src/components/Input/Input.module.css
FNF:0
FNH:0
LF:0
LH:0
BRF:0
BRH:0
end_of_record
TN:
SF:src/components/Input/Input.tsx
FN:111,(anonymous_0)
FNF:1
FNH:1
FNDA:49,(anonymous_0)
DA:110,1
DA:136,49
DA:140,49
DA:148,49
DA:157,49
DA:169,49
DA:178,49
DA:242,1
LF:8
LH:8
BRDA:113,0,0,49
BRDA:114,1,0,49
BRDA:115,2,0,49
BRDA:116,3,0,49
BRDA:122,4,0,49
BRDA:123,5,0,49
BRDA:126,6,0,49
BRDA:127,7,0,49
BRDA:128,8,0,49
BRDA:129,9,0,49
BRDA:136,10,0,49
BRDA:136,10,1,48
BRDA:140,11,0,3
BRDA:140,11,1,46
BRDA:142,12,0,1
BRDA:142,12,1,45
BRDA:144,13,0,1
BRDA:144,13,1,44
BRDA:150,14,0,49
BRDA:150,14,1,1
BRDA:151,15,0,49
BRDA:151,15,1,1
BRDA:160,16,0,49
BRDA:160,16,1,3
BRDA:161,17,0,49
BRDA:161,17,1,5
BRDA:162,18,0,49
BRDA:162,18,1,2
BRDA:163,19,0,49
BRDA:163,19,1,2
BRDA:171,20,0,49
BRDA:171,20,1,3
BRDA:172,21,0,49
BRDA:172,21,1,1
BRDA:173,22,0,49
BRDA:173,22,1,1
BRDA:180,23,0,49
BRDA:180,23,1,8
BRDA:183,24,0,8
BRDA:183,24,1,1
BRDA:187,25,0,1
BRDA:187,25,1,48
BRDA:187,26,0,49
BRDA:187,26,1,1
BRDA:190,27,0,1
BRDA:190,27,1,0
BRDA:199,28,0,1
BRDA:199,28,1,0
BRDA:203,29,0,1
BRDA:203,29,1,0
BRDA:205,30,0,1
BRDA:205,30,1,1
BRDA:214,31,0,48
BRDA:214,31,1,2
BRDA:223,32,0,5
BRDA:223,32,1,43
BRDA:227,33,0,48
BRDA:227,33,1,2
BRDA:230,34,0,48
BRDA:230,34,1,5
BRDA:230,34,2,5
BRF:61
BRH:58
end_of_record
TN:
SF:src/components/Menu/Menu.module.css
FNF:0
FNH:0
LF:0
LH:0
BRF:0
BRH:0
end_of_record
TN:
SF:src/components/Menu/Menu.tsx
FN:16,(anonymous_0)
FN:31,(anonymous_1)
FN:39,(anonymous_2)
FN:47,(anonymous_3)
FN:50,(anonymous_4)
FN:57,(anonymous_5)
FN:93,(anonymous_6)
FN:113,(anonymous_7)
FN:160,(anonymous_8)
FN:171,(anonymous_9)
FNF:10
FNH:10
FNDA:27,(anonymous_0)
FNDA:11,(anonymous_1)
FNDA:1,(anonymous_2)
FNDA:27,(anonymous_3)
FNDA:4,(anonymous_4)
FNDA:11,(anonymous_5)
FNDA:31,(anonymous_6)
FNDA:4,(anonymous_7)
FNDA:3,(anonymous_8)
FNDA:4,(anonymous_9)
DA:16,1
DA:26,27
DA:27,27
DA:28,27
DA:29,27
DA:31,27
DA:32,11
DA:33,11
DA:34,10
DA:36,11
DA:39,27
DA:40,1
DA:41,1
DA:43,1
DA:47,27
DA:48,27
DA:50,11
DA:51,4
DA:52,1
DA:56,11
DA:57,11
DA:58,11
DA:62,27
DA:64,27
DA:72,27
DA:93,1
DA:104,31
DA:113,31
DA:114,4
DA:115,1
DA:116,1
DA:118,3
DA:122,31
DA:129,31
DA:130,4
DA:143,27
DA:160,1
DA:161,3
DA:162,3
DA:171,1
DA:172,4
DA:173,4
DA:181,1
DA:182,1
DA:183,1
DA:184,1
LF:46
LH:46
BRDA:21,0,0,27
BRDA:22,1,0,27
BRDA:23,2,0,27
BRDA:29,3,0,4
BRDA:29,3,1,23
BRDA:33,4,0,10
BRDA:33,4,1,1
BRDA:40,5,0,1
BRDA:40,5,1,0
BRDA:48,6,0,16
BRDA:48,6,1,11
BRDA:51,7,0,1
BRDA:51,7,1,3
BRDA:51,8,0,4
BRDA:51,8,1,4
BRDA:66,9,0,27
BRDA:66,9,1,2
BRDA:67,10,0,27
BRDA:67,10,1,2
BRDA:75,11,0,27
BRDA:75,11,1,11
BRDA:97,12,0,31
BRDA:98,13,0,31
BRDA:100,14,0,31
BRDA:101,15,0,31
BRDA:106,16,0,31
BRDA:106,16,1,2
BRDA:107,17,0,31
BRDA:107,17,1,4
BRDA:114,18,0,1
BRDA:114,18,1,3
BRDA:123,19,0,31
BRDA:123,19,1,3
BRDA:125,20,0,31
BRDA:125,20,1,2
BRDA:129,21,0,4
BRDA:129,21,1,27
BRDA:147,22,0,3
BRDA:147,22,1,24
BRDA:147,23,0,24
BRDA:147,23,1,22
BRDA:160,24,0,3
BRDA:171,25,0,4
BRF:43
BRH:42
end_of_record
TN:
SF:src/components/Modal/Modal.module.css
FNF:0
FNH:0
LF:0
LH:0
BRF:0
BRH:0
end_of_record
TN:
SF:src/components/Modal/Modal.tsx
FN:34,(anonymous_0)
FN:47,(anonymous_1)
FN:54,(anonymous_2)
FN:57,(anonymous_3)
FN:64,(anonymous_4)
FN:68,(anonymous_5)
FN:78,(anonymous_6)
FN:90,(anonymous_7)
FN:96,(anonymous_8)
FN:99,(anonymous_9)
FN:123,(anonymous_10)
FN:127,(anonymous_11)
FN:160,(anonymous_12)
FN:182,(anonymous_13)
FN:186,(anonymous_14)
FN:190,(anonymous_15)
FNF:16
FNH:16
FNDA:30,(anonymous_0)
FNDA:30,(anonymous_1)
FNDA:30,(anonymous_2)
FNDA:1,(anonymous_3)
FNDA:27,(anonymous_4)
FNDA:30,(anonymous_5)
FNDA:4,(anonymous_6)
FNDA:30,(anonymous_7)
FNDA:30,(anonymous_8)
FNDA:2,(anonymous_9)
FNDA:28,(anonymous_10)
FNDA:5,(anonymous_11)
FNDA:8,(anonymous_12)
FNDA:3,(anonymous_13)
FNDA:5,(anonymous_14)
FNDA:4,(anonymous_15)
DA:34,1
DA:43,30
DA:44,30
DA:47,30
DA:48,30
DA:49,28
DA:54,30
DA:55,30
DA:57,27
DA:58,1
DA:59,1
DA:63,27
DA:64,27
DA:68,30
DA:69,30
DA:70,28
DA:73,28
DA:74,28
DA:77,28
DA:78,6
DA:82,2
DA:85,2
DA:86,1
DA:90,30
DA:91,30
DA:96,30
DA:97,30
DA:99,28
DA:100,2
DA:102,0
DA:106,0
DA:107,0
DA:109,0
DA:110,0
DA:111,0
DA:112,0
DA:115,0
DA:116,0
DA:117,0
DA:122,28
DA:123,28
DA:126,30
DA:128,5
DA:129,1
DA:135,30
DA:137,28
DA:141,30
DA:160,1
DA:166,8
DA:182,1
DA:183,3
DA:186,1
DA:187,5
DA:190,1
DA:191,4
DA:194,1
DA:195,1
DA:196,1
DA:197,1
DA:198,1
LF:60
LH:50
BRDA:38,0,0,30
BRDA:39,1,0,30
BRDA:40,2,0,30
BRDA:41,3,0,30
BRDA:48,4,0,28
BRDA:48,4,1,2
BRDA:55,5,0,3
BRDA:55,5,1,27
BRDA:55,6,0,30
BRDA:55,6,1,28
BRDA:58,7,0,1
BRDA:58,7,1,0
BRDA:69,8,0,28
BRDA:69,8,1,2
BRDA:73,9,0,28
BRDA:73,9,1,0
BRDA:77,10,0,6
BRDA:77,10,1,22
BRDA:85,11,0,1
BRDA:85,11,1,1
BRDA:97,12,0,2
BRDA:97,12,1,28
BRDA:97,13,0,30
BRDA:97,13,1,28
BRDA:100,14,0,2
BRDA:100,14,1,0
BRDA:100,15,0,2
BRDA:100,15,1,0
BRDA:109,16,0,0
BRDA:109,16,1,0
BRDA:110,17,0,0
BRDA:110,17,1,0
BRDA:115,18,0,0
BRDA:115,18,1,0
BRDA:128,19,0,1
BRDA:128,19,1,4
BRDA:128,20,0,5
BRDA:128,20,1,4
BRDA:135,21,0,2
BRDA:135,21,1,28
BRDA:137,22,0,1
BRDA:137,22,1,27
BRDA:138,23,0,1
BRDA:138,23,1,26
BRDA:139,24,0,1
BRDA:139,24,1,25
BRDA:163,25,0,8
BRDA:164,26,0,8
BRDA:169,27,0,8
BRDA:169,27,1,7
BRDA:169,27,2,4
BRDA:186,28,0,5
BRDA:190,29,0,4
BRF:53
BRH:43
end_of_record
TN:
SF:src/components/Navbar/Navbar.module.css
FNF:0
FNH:0
LF:0
LH:0
BRF:0
BRH:0
end_of_record
TN:
SF:src/components/Navbar/Navbar.tsx
FN:53,(anonymous_0)
FN:56,(anonymous_1)
FN:63,(anonymous_2)
FN:68,(anonymous_3)
FN:72,(anonymous_4)
FN:77,(anonymous_5)
FN:113,(anonymous_6)
FN:127,(anonymous_7)
FN:134,(anonymous_8)
FN:141,(anonymous_9)
FN:163,(anonymous_10)
FN:171,(anonymous_11)
FN:206,(anonymous_12)
FN:214,(anonymous_13)
FN:222,(anonymous_14)
FN:231,(anonymous_15)
FN:232,(anonymous_16)
FN:242,(anonymous_17)
FN:247,(anonymous_18)
FN:266,(anonymous_19)
FN:294,(anonymous_20)
FNF:21
FNH:20
FNDA:15,(anonymous_0)
FNDA:15,(anonymous_1)
FNDA:15,(anonymous_2)
FNDA:4,(anonymous_3)
FNDA:1,(anonymous_4)
FNDA:19,(anonymous_5)
FNDA:9,(anonymous_6)
FNDA:14,(anonymous_7)
FNDA:0,(anonymous_8)
FNDA:17,(anonymous_9)
FNDA:27,(anonymous_10)
FNDA:2,(anonymous_11)
FNDA:3,(anonymous_12)
FNDA:3,(anonymous_13)
FNDA:10,(anonymous_14)
FNDA:10,(anonymous_15)
FNDA:1,(anonymous_16)
FNDA:10,(anonymous_17)
FNDA:3,(anonymous_18)
FNDA:12,(anonymous_19)
FNDA:2,(anonymous_20)
DA:53,1
DA:54,15
DA:56,15
DA:57,15
DA:58,4
DA:60,11
DA:63,15
DA:64,15
DA:68,15
DA:69,4
DA:72,15
DA:73,1
DA:77,15
DA:78,19
DA:79,12
DA:84,7
DA:87,15
DA:113,1
DA:114,9
DA:127,1
DA:134,14
DA:135,0
DA:136,0
DA:141,14
DA:142,17
DA:143,16
DA:147,1
DA:150,14
DA:163,1
DA:171,27
DA:172,2
DA:173,2
DA:175,2
DA:176,0
DA:180,27
DA:182,27
DA:183,7
DA:195,20
DA:206,1
DA:207,3
DA:214,1
DA:215,3
DA:222,1
DA:228,10
DA:229,10
DA:231,10
DA:232,10
DA:233,1
DA:234,1
DA:238,10
DA:239,3
DA:242,10
DA:243,10
DA:247,10
DA:248,3
DA:249,3
DA:252,10
DA:266,1
DA:272,12
DA:273,3
DA:284,9
DA:294,1
DA:295,2
LF:63
LH:60
BRDA:53,0,0,15
BRDA:57,1,0,4
BRDA:57,1,1,11
BRDA:78,2,0,12
BRDA:78,2,1,7
BRDA:78,3,0,19
BRDA:78,3,1,19
BRDA:98,4,0,4
BRDA:98,4,1,11
BRDA:103,5,0,15
BRDA:103,5,1,4
BRDA:105,6,0,4
BRDA:105,6,1,0
BRDA:113,7,0,9
BRDA:117,8,0,9
BRDA:117,8,1,8
BRDA:129,9,0,14
BRDA:130,10,0,14
BRDA:135,11,0,0
BRDA:135,11,1,0
BRDA:142,12,0,16
BRDA:142,12,1,1
BRDA:142,13,0,17
BRDA:142,13,1,17
BRDA:152,14,0,4
BRDA:152,14,1,10
BRDA:166,15,0,27
BRDA:169,16,0,27
BRDA:172,17,0,2
BRDA:172,17,1,0
BRDA:175,18,0,0
BRDA:175,18,1,2
BRDA:180,19,0,5
BRDA:180,19,1,22
BRDA:182,20,0,7
BRDA:182,20,1,20
BRDA:187,21,0,3
BRDA:187,21,1,4
BRDA:198,22,0,2
BRDA:198,22,1,18
BRDA:206,23,0,3
BRDA:214,24,0,3
BRDA:225,25,0,10
BRDA:226,26,0,10
BRDA:233,27,0,1
BRDA:233,27,1,0
BRDA:233,28,0,1
BRDA:233,28,1,1
BRDA:238,29,0,3
BRDA:238,29,1,7
BRDA:258,30,0,2
BRDA:258,30,1,8
BRDA:258,31,0,3
BRDA:258,31,1,7
BRDA:270,32,0,12
BRDA:272,33,0,3
BRDA:272,33,1,9
BRF:57
BRH:51
end_of_record
TN:
SF:src/components/Pagination/Pagination.module.css
FNF:0
FNH:0
LF:0
LH:0
BRF:0
BRH:0
end_of_record
TN:
SF:src/components/Pagination/Pagination.tsx
FN:7,(anonymous_0)
FN:54,(anonymous_1)
FN:60,(anonymous_2)
FN:83,(anonymous_3)
FN:84,(anonymous_4)
FN:118,(anonymous_5)
FN:132,(anonymous_6)
FN:140,(anonymous_7)
FN:146,(anonymous_8)
FN:150,(anonymous_9)
FN:154,(anonymous_10)
FN:158,(anonymous_11)
FN:187,(anonymous_12)
FN:242,(anonymous_13)
FN:249,(anonymous_14)
FN:254,(anonymous_15)
FN:292,(anonymous_16)
FN:305,(anonymous_17)
FN:310,(anonymous_18)
FN:314,(anonymous_19)
FNF:20
FNH:20
FNDA:18,(anonymous_0)
FNDA:127,(anonymous_1)
FNDA:127,(anonymous_2)
FNDA:68,(anonymous_3)
FNDA:1,(anonymous_4)
FNDA:18,(anonymous_5)
FNDA:18,(anonymous_6)
FNDA:18,(anonymous_7)
FNDA:1,(anonymous_8)
FNDA:1,(anonymous_9)
FNDA:1,(anonymous_10)
FNDA:1,(anonymous_11)
FNDA:91,(anonymous_12)
FNDA:10,(anonymous_13)
FNDA:10,(anonymous_14)
FNDA:10,(anonymous_15)
FNDA:8,(anonymous_16)
FNDA:8,(anonymous_17)
FNDA:1,(anonymous_18)
FNDA:1,(anonymous_19)
DA:7,1
DA:12,18
DA:14,18
DA:16,18
DA:17,18
DA:19,18
DA:20,6
DA:23,18
DA:24,32
DA:27,18
DA:28,17
DA:31,18
DA:32,18
DA:35,18
DA:36,18
DA:38,18
DA:39,91
DA:40,91
DA:41,91
DA:45,18
DA:54,1
DA:60,127
DA:61,127
DA:67,127
DA:74,1
DA:83,1
DA:84,68
DA:85,1
DA:88,68
DA:100,1
DA:118,1
DA:132,18
DA:133,18
DA:137,18
DA:138,18
DA:140,18
DA:141,18
DA:146,18
DA:147,1
DA:150,18
DA:151,1
DA:154,18
DA:155,1
DA:158,18
DA:159,1
DA:162,18
DA:188,91
DA:189,23
DA:196,68
DA:231,1
DA:242,1
DA:249,10
DA:250,10
DA:254,10
DA:255,10
DA:256,1
DA:257,1
DA:258,1
DA:260,9
DA:263,10
DA:264,1
DA:271,9
DA:278,1
DA:292,1
DA:302,8
DA:303,8
DA:305,8
DA:306,8
DA:310,8
DA:311,1
DA:314,8
DA:315,1
DA:318,8
DA:341,1
LF:74
LH:74
BRDA:10,0,0,18
BRDA:19,1,0,6
BRDA:19,1,1,12
BRDA:27,2,0,17
BRDA:27,2,1,1
BRDA:31,3,0,18
BRDA:31,3,1,0
BRDA:39,4,0,91
BRDA:39,4,1,0
BRDA:55,5,0,127
BRDA:57,6,0,127
BRDA:61,7,0,127
BRDA:61,7,1,19
BRDA:93,8,0,18
BRDA:93,8,1,50
BRDA:122,9,0,18
BRDA:123,10,0,18
BRDA:124,11,0,18
BRDA:129,12,0,18
BRDA:130,13,0,18
BRDA:165,14,0,18
BRDA:165,14,1,3
BRDA:171,15,0,3
BRDA:171,15,1,3
BRDA:176,16,0,18
BRDA:176,16,1,17
BRDA:182,17,0,17
BRDA:182,17,1,17
BRDA:188,18,0,23
BRDA:188,18,1,68
BRDA:207,19,0,18
BRDA:207,19,1,17
BRDA:213,20,0,17
BRDA:213,20,1,17
BRDA:218,21,0,18
BRDA:218,21,1,3
BRDA:224,22,0,3
BRDA:224,22,1,3
BRDA:247,23,0,10
BRDA:255,24,0,1
BRDA:255,24,1,9
BRDA:255,25,0,10
BRDA:255,25,1,1
BRDA:263,26,0,1
BRDA:263,26,1,9
BRDA:296,27,0,8
BRDA:297,28,0,8
BRDA:298,29,0,8
BRDA:299,30,0,8
BRDA:300,31,0,8
BRDA:328,32,0,8
BRDA:328,32,1,7
BRF:52
BRH:50
end_of_record
TN:
SF:src/components/Progress/Progress.module.css
FNF:0
FNH:0
LF:0
LH:0
BRF:0
BRH:0
end_of_record
TN:
SF:src/components/Progress/Progress.tsx
FN:37,(anonymous_0)
FN:53,(anonymous_1)
FN:86,(anonymous_2)
FN:150,(anonymous_3)
FNF:4
FNH:4
FNDA:6,(anonymous_0)
FNDA:21,(anonymous_1)
FNDA:9,(anonymous_2)
FNDA:14,(anonymous_3)
DA:37,1
DA:42,6
DA:46,6
DA:53,1
DA:62,21
DA:67,21
DA:68,21
DA:69,21
DA:71,21
DA:73,21
DA:86,1
DA:95,9
DA:96,9
DA:97,9
DA:99,9
DA:104,9
DA:150,1
DA:156,14
DA:160,14
DA:165,14
LF:20
LH:20
BRDA:39,0,0,6
BRDA:40,1,0,6
BRDA:42,2,0,1
BRDA:42,2,1,5
BRDA:43,3,0,1
BRDA:43,3,1,4
BRDA:54,4,0,21
BRDA:55,5,0,21
BRDA:56,6,0,21
BRDA:57,7,0,21
BRDA:58,8,0,21
BRDA:59,9,0,21
BRDA:62,10,0,1
BRDA:62,10,1,20
BRDA:63,11,0,1
BRDA:63,11,1,19
BRDA:64,12,0,1
BRDA:64,12,1,18
BRDA:67,13,0,1
BRDA:67,13,1,20
BRDA:68,14,0,1
BRDA:68,14,1,20
BRDA:69,15,0,1
BRDA:69,15,1,20
BRDA:71,16,0,1
BRDA:71,16,1,20
BRDA:78,17,0,1
BRDA:78,17,1,20
BRDA:88,18,0,9
BRDA:89,19,0,9
BRDA:90,20,0,9
BRDA:91,21,0,9
BRDA:92,22,0,9
BRDA:99,23,0,1
BRDA:99,23,1,8
BRDA:100,24,0,1
BRDA:100,24,1,7
BRDA:101,25,0,1
BRDA:101,25,1,6
BRDA:132,26,0,9
BRDA:132,26,1,8
BRDA:138,27,0,8
BRDA:138,27,1,0
BRDA:151,28,0,14
BRDA:152,29,0,14
BRDA:153,30,0,14
BRDA:154,31,0,14
BRDA:156,32,0,1
BRDA:156,32,1,13
BRDA:157,33,0,1
BRDA:157,33,1,12
BRDA:160,34,0,1
BRDA:160,34,1,13
BRDA:161,35,0,1
BRDA:161,35,1,12
BRDA:162,36,0,2
BRDA:162,36,1,10
BRDA:162,37,0,12
BRDA:162,37,1,11
BRF:59
BRH:58
end_of_record
TN:
SF:src/components/Radio/Radio.module.css
FNF:0
FNH:0
LF:0
LH:0
BRF:0
BRH:0
end_of_record
TN:
SF:src/components/Radio/Radio.tsx
FN:16,(anonymous_0)
FNF:1
FNH:1
FNDA:33,(anonymous_0)
DA:15,1
DA:30,33
DA:31,33
DA:32,33
DA:35,33
DA:37,33
DA:79,1
LF:7
LH:7
BRDA:20,0,0,33
BRDA:22,1,0,33
BRDA:23,2,0,33
BRDA:24,3,0,33
BRDA:30,4,0,33
BRDA:30,4,1,32
BRDA:32,5,0,33
BRDA:32,5,1,4
BRDA:32,5,2,30
BRDA:35,6,0,1
BRDA:35,6,1,32
BRDA:35,7,0,1
BRDA:35,7,1,31
BRDA:40,8,0,4
BRDA:40,8,1,29
BRDA:41,9,0,2
BRDA:41,9,1,31
BRDA:51,10,0,33
BRDA:51,10,1,29
BRDA:52,11,0,4
BRDA:52,11,1,29
BRDA:58,12,0,33
BRDA:58,12,1,24
BRDA:62,13,0,33
BRDA:62,13,1,4
BRDA:62,13,2,3
BRDA:71,14,0,33
BRDA:71,14,1,29
BRDA:71,14,2,1
BRF:29
BRH:29
end_of_record
TN:
SF:src/components/Rating/Rating.module.css
FNF:0
FNH:0
LF:0
LH:0
BRF:0
BRH:0
end_of_record
TN:
SF:src/components/Rating/Rating.tsx
FN:51,(anonymous_0)
FN:76,(anonymous_1)
FN:93,(anonymous_2)
FN:109,(anonymous_3)
FN:135,(anonymous_4)
FN:155,(anonymous_5)
FN:161,(anonymous_6)
FN:198,(anonymous_7)
FN:203,(anonymous_8)
FN:246,(anonymous_9)
FN:265,(anonymous_10)
FN:266,(anonymous_11)
FN:267,(anonymous_12)
FNF:13
FNH:13
FNDA:87,(anonymous_0)
FNDA:87,(anonymous_1)
FNDA:436,(anonymous_2)
FNDA:5,(anonymous_3)
FNDA:8,(anonymous_4)
FNDA:1,(anonymous_5)
FNDA:8,(anonymous_6)
FNDA:1,(anonymous_7)
FNDA:11,(anonymous_8)
FNDA:436,(anonymous_9)
FNDA:5,(anonymous_10)
FNDA:5,(anonymous_11)
FNDA:3,(anonymous_12)
DA:51,1
DA:68,87
DA:69,87
DA:70,87
DA:71,87
DA:72,87
DA:73,87
DA:76,87
DA:77,87
DA:78,86
DA:80,2
DA:82,1
DA:85,83
DA:89,87
DA:92,87
DA:94,436
DA:95,436
DA:97,436
DA:98,175
DA:99,261
DA:100,1
DA:102,260
DA:108,87
DA:110,5
DA:112,3
DA:115,3
DA:116,0
DA:117,0
DA:118,0
DA:120,0
DA:121,0
DA:125,3
DA:126,2
DA:128,3
DA:134,87
DA:136,8
DA:138,8
DA:140,8
DA:141,0
DA:142,0
DA:143,0
DA:145,0
DA:146,0
DA:150,8
DA:155,87
DA:156,1
DA:160,87
DA:162,8
DA:164,8
DA:165,8
DA:167,8
DA:168,1
DA:169,1
DA:170,7
DA:171,2
DA:172,2
DA:173,5
DA:174,2
DA:175,2
DA:176,2
DA:177,2
DA:178,2
DA:180,2
DA:182,3
DA:183,1
DA:184,1
DA:185,2
DA:186,1
DA:187,1
DA:190,8
DA:191,5
DA:198,87
DA:199,1
DA:203,87
DA:204,11
DA:205,11
DA:209,87
DA:221,87
DA:235,87
DA:247,436
DA:248,436
DA:249,436
DA:251,436
DA:261,436
DA:265,5
DA:266,5
DA:267,3
DA:295,1
LF:88
LH:78
BRDA:53,0,0,87
BRDA:54,1,0,87
BRDA:55,2,0,87
BRDA:56,3,0,87
BRDA:57,4,0,87
BRDA:58,5,0,87
BRDA:59,6,0,87
BRDA:61,7,0,87
BRDA:73,8,0,8
BRDA:73,8,1,79
BRDA:77,9,0,1
BRDA:77,9,1,86
BRDA:78,10,0,86
BRDA:78,10,1,1
BRDA:78,10,2,83
BRDA:78,10,3,83
BRDA:95,11,0,65
BRDA:95,11,1,371
BRDA:97,12,0,175
BRDA:97,12,1,261
BRDA:99,13,0,1
BRDA:99,13,1,260
BRDA:99,14,0,261
BRDA:99,14,1,2
BRDA:99,14,2,1
BRDA:110,15,0,2
BRDA:110,15,1,3
BRDA:110,16,0,5
BRDA:110,16,1,4
BRDA:115,17,0,0
BRDA:115,17,1,3
BRDA:120,18,0,0
BRDA:120,18,1,0
BRDA:125,19,0,2
BRDA:125,19,1,1
BRDA:136,20,0,0
BRDA:136,20,1,8
BRDA:136,21,0,8
BRDA:136,21,1,8
BRDA:140,22,0,0
BRDA:140,22,1,8
BRDA:145,23,0,0
BRDA:145,23,1,0
BRDA:162,24,0,0
BRDA:162,24,1,8
BRDA:162,25,0,8
BRDA:162,25,1,8
BRDA:167,26,0,1
BRDA:167,26,1,7
BRDA:167,27,0,8
BRDA:167,27,1,7
BRDA:170,28,0,2
BRDA:170,28,1,5
BRDA:170,29,0,7
BRDA:170,29,1,5
BRDA:173,30,0,2
BRDA:173,30,1,3
BRDA:173,31,0,5
BRDA:173,31,1,4
BRDA:175,32,0,2
BRDA:175,32,1,0
BRDA:177,33,0,2
BRDA:177,33,1,0
BRDA:182,34,0,1
BRDA:182,34,1,2
BRDA:185,35,0,1
BRDA:185,35,1,1
BRDA:190,36,0,5
BRDA:190,36,1,3
BRDA:204,37,0,11
BRDA:204,37,1,0
BRDA:205,38,0,11
BRDA:205,38,1,1
BRDA:211,39,0,87
BRDA:211,39,1,2
BRDA:212,40,0,87
BRDA:212,40,1,7
BRDA:213,41,0,87
BRDA:213,41,1,5
BRDA:214,42,0,87
BRDA:214,42,1,86
BRDA:214,42,2,3
BRDA:221,43,0,75
BRDA:221,43,1,12
BRDA:221,44,0,87
BRDA:221,44,1,80
BRDA:224,45,0,75
BRDA:224,45,1,74
BRDA:224,46,0,73
BRDA:224,46,1,1
BRDA:232,47,0,12
BRDA:232,47,1,11
BRDA:232,48,0,1
BRDA:232,48,1,10
BRDA:237,49,0,87
BRDA:237,49,1,3
BRDA:249,50,0,436
BRDA:249,50,1,401
BRDA:253,51,0,436
BRDA:253,51,1,175
BRDA:254,52,0,436
BRDA:254,52,1,1
BRDA:255,53,0,436
BRDA:255,53,1,65
BRDA:256,54,0,436
BRDA:256,54,1,20
BRDA:269,55,0,376
BRDA:269,55,1,60
BRDA:270,56,0,376
BRDA:270,56,1,60
BRDA:270,57,0,125
BRDA:270,57,1,251
BRDA:271,58,0,376
BRDA:271,58,1,60
BRDA:271,59,0,371
BRDA:271,59,1,5
BRDA:271,60,0,301
BRDA:271,60,1,75
BRDA:272,61,0,376
BRDA:272,61,1,60
BRDA:273,62,0,376
BRDA:273,62,1,60
BRDA:281,63,0,87
BRDA:281,63,1,6
BRDA:287,64,0,87
BRDA:287,64,1,3
BRDA:290,65,0,87
BRDA:290,65,1,1
BRF:128
BRH:117
end_of_record
TN:
SF:src/components/Select/Select.module.css
FNF:0
FNH:0
LF:0
LH:0
BRF:0
BRH:0
end_of_record
TN:
SF:src/components/Select/Select.tsx
FN:48,(anonymous_0)
FN:49,(anonymous_1)
FN:53,(anonymous_2)
FN:75,(anonymous_3)
FN:110,(anonymous_4)
FN:112,(anonymous_5)
FN:115,(anonymous_6)
FN:119,(anonymous_7)
FN:120,(anonymous_8)
FN:125,(anonymous_9)
FN:130,(anonymous_10)
FN:138,(anonymous_11)
FN:140,(anonymous_12)
FN:146,(anonymous_13)
FN:149,(anonymous_14)
FN:159,(anonymous_15)
FN:165,(anonymous_16)
FN:188,(anonymous_17)
FN:196,(anonymous_18)
FN:208,(anonymous_19)
FN:218,(anonymous_20)
FN:228,(anonymous_21)
FN:233,(anonymous_22)
FN:238,(anonymous_23)
FN:244,(anonymous_24)
FN:245,(anonymous_25)
FN:263,(anonymous_26)
FN:265,(anonymous_27)
FN:276,(anonymous_28)
FN:277,(anonymous_29)
FN:286,(anonymous_30)
FNF:31
FNH:30
FNDA:191,(anonymous_0)
FNDA:5,(anonymous_1)
FNDA:118,(anonymous_2)
FNDA:62,(anonymous_3)
FNDA:62,(anonymous_4)
FNDA:10,(anonymous_5)
FNDA:191,(anonymous_6)
FNDA:62,(anonymous_7)
FNDA:179,(anonymous_8)
FNDA:7,(anonymous_9)
FNDA:14,(anonymous_10)
FNDA:12,(anonymous_11)
FNDA:11,(anonymous_12)
FNDA:58,(anonymous_13)
FNDA:6,(anonymous_14)
FNDA:15,(anonymous_15)
FNDA:11,(anonymous_16)
FNDA:3,(anonymous_17)
FNDA:1,(anonymous_18)
FNDA:62,(anonymous_19)
FNDA:68,(anonymous_20)
FNDA:34,(anonymous_21)
FNDA:58,(anonymous_22)
FNDA:41,(anonymous_23)
FNDA:67,(anonymous_24)
FNDA:191,(anonymous_25)
FNDA:62,(anonymous_26)
FNDA:10,(anonymous_27)
FNDA:62,(anonymous_28)
FNDA:189,(anonymous_29)
FNDA:0,(anonymous_30)
DA:48,1
DA:49,191
DA:50,5
DA:53,191
DA:54,118
DA:58,191
DA:72,1
DA:74,1
DA:97,62
DA:98,62
DA:99,62
DA:100,62
DA:101,62
DA:102,62
DA:103,62
DA:106,62
DA:107,62
DA:110,62
DA:111,62
DA:112,62
DA:113,10
DA:115,191
DA:119,62
DA:120,179
DA:125,62
DA:126,7
DA:127,7
DA:128,6
DA:130,14
DA:131,7
DA:132,7
DA:133,7
DA:138,62
DA:139,12
DA:140,11
DA:141,11
DA:146,62
DA:147,58
DA:149,15
DA:150,6
DA:154,1
DA:158,15
DA:159,15
DA:160,15
DA:165,62
DA:166,11
DA:168,11
DA:171,6
DA:172,6
DA:173,4
DA:174,2
DA:175,2
DA:177,6
DA:179,1
DA:180,1
DA:181,1
DA:182,1
DA:184,3
DA:185,3
DA:186,0
DA:188,3
DA:189,3
DA:192,3
DA:194,1
DA:195,1
DA:196,1
DA:198,1
DA:200,0
DA:201,0
DA:203,0
DA:208,62
DA:209,62
DA:210,4
DA:211,4
DA:212,4
DA:218,62
DA:219,68
DA:220,2
DA:221,66
DA:222,2
DA:224,68
DA:228,62
DA:229,34
DA:233,62
DA:234,58
DA:238,62
DA:239,41
DA:244,62
DA:245,67
DA:246,191
DA:247,191
DA:248,191
DA:250,191
DA:263,62
DA:264,62
DA:265,5
DA:266,10
DA:272,57
DA:276,62
DA:277,62
DA:278,189
DA:286,62
DA:288,62
DA:363,1
LF:104
LH:100
BRDA:54,0,0,8
BRDA:54,0,1,110
BRDA:54,1,0,7
BRDA:54,1,1,111
BRDA:54,2,0,1
BRDA:54,2,1,117
BRDA:66,3,0,191
BRDA:66,3,1,0
BRDA:80,4,0,62
BRDA:81,5,0,62
BRDA:82,6,0,62
BRDA:83,7,0,62
BRDA:84,8,0,62
BRDA:85,9,0,62
BRDA:86,10,0,62
BRDA:89,11,0,62
BRDA:90,12,0,62
BRDA:92,13,0,62
BRDA:97,14,0,62
BRDA:97,14,1,60
BRDA:99,15,0,62
BRDA:99,15,1,59
BRDA:107,16,0,3
BRDA:107,16,1,59
BRDA:126,17,0,7
BRDA:126,17,1,0
BRDA:127,18,0,6
BRDA:127,18,1,1
BRDA:130,19,0,7
BRDA:130,19,1,0
BRDA:139,20,0,11
BRDA:139,20,1,1
BRDA:147,21,0,43
BRDA:147,21,1,15
BRDA:150,22,0,1
BRDA:150,22,1,5
BRDA:151,23,0,6
BRDA:151,23,1,6
BRDA:166,24,0,0
BRDA:166,24,1,11
BRDA:168,25,0,5
BRDA:168,25,1,6
BRDA:168,25,2,1
BRDA:168,25,3,3
BRDA:168,25,4,1
BRDA:168,25,5,0
BRDA:172,26,0,4
BRDA:172,26,1,2
BRDA:174,27,0,2
BRDA:174,27,1,0
BRDA:174,28,0,2
BRDA:174,28,1,2
BRDA:185,29,0,0
BRDA:185,29,1,3
BRDA:189,30,0,3
BRDA:189,30,1,0
BRDA:195,31,0,1
BRDA:195,31,1,0
BRDA:196,32,0,1
BRDA:196,32,1,0
BRDA:200,33,0,0
BRDA:200,33,1,0
BRDA:209,34,0,4
BRDA:209,34,1,58
BRDA:209,35,0,62
BRDA:209,35,1,19
BRDA:209,35,2,4
BRDA:211,36,0,4
BRDA:211,36,1,0
BRDA:219,37,0,2
BRDA:219,37,1,66
BRDA:221,38,0,2
BRDA:221,38,1,64
BRDA:229,39,0,1
BRDA:229,39,1,33
BRDA:234,40,0,15
BRDA:234,40,1,43
BRDA:234,41,0,1
BRDA:234,41,1,57
BRDA:234,42,0,2
BRDA:234,42,1,56
BRDA:234,43,0,58
BRDA:234,43,1,0
BRDA:239,44,0,33
BRDA:239,44,1,8
BRDA:264,45,0,5
BRDA:264,45,1,57
BRDA:290,46,0,62
BRDA:290,46,1,3
BRDA:293,47,0,3
BRDA:293,47,1,1
BRDA:320,48,0,2
BRDA:320,48,1,60
BRDA:325,49,0,3
BRDA:325,49,1,59
BRDA:329,50,0,62
BRDA:329,50,1,0
BRDA:332,51,0,9
BRDA:332,51,1,53
BRDA:343,52,0,3
BRDA:343,52,1,59
BRDA:350,53,0,62
BRDA:350,53,1,1
BRDA:350,53,2,1
BRDA:355,54,0,62
BRDA:355,54,1,61
BRDA:355,54,2,1
BRF:107
BRH:92
end_of_record
TN:
SF:src/components/Sidemenu/Sidemenu.module.css
FNF:0
FNH:0
LF:0
LH:0
BRF:0
BRH:0
end_of_record
TN:
SF:src/components/Sidemenu/Sidemenu.tsx
FN:66,(anonymous_0)
FN:91,(anonymous_1)
FN:106,(anonymous_2)
FN:120,(anonymous_3)
FN:131,(anonymous_4)
FN:139,(anonymous_5)
FN:153,(anonymous_6)
FN:158,(anonymous_7)
FN:162,(anonymous_8)
FN:187,(anonymous_9)
FN:204,(anonymous_10)
FN:211,(anonymous_11)
FN:218,(anonymous_12)
FN:223,(anonymous_13)
FN:240,(anonymous_14)
FN:276,(anonymous_15)
FN:284,(anonymous_16)
FNF:17
FNH:16
FNDA:142,(anonymous_0)
FNDA:57,(anonymous_1)
FNDA:45,(anonymous_2)
FNDA:4,(anonymous_3)
FNDA:7,(anonymous_4)
FNDA:4,(anonymous_5)
FNDA:150,(anonymous_6)
FNDA:0,(anonymous_7)
FNDA:150,(anonymous_8)
FNDA:7,(anonymous_9)
FNDA:6,(anonymous_10)
FNDA:2,(anonymous_11)
FNDA:4,(anonymous_12)
FNDA:6,(anonymous_13)
FNDA:6,(anonymous_14)
FNDA:4,(anonymous_15)
FNDA:142,(anonymous_16)
DA:66,1
DA:67,142
DA:91,1
DA:106,57
DA:107,45
DA:108,41
DA:109,41
DA:111,4
DA:114,57
DA:115,57
DA:118,57
DA:120,57
DA:121,4
DA:122,4
DA:123,4
DA:124,4
DA:125,1
DA:128,4
DA:131,57
DA:132,7
DA:133,1
DA:134,1
DA:137,6
DA:138,4
DA:139,4
DA:140,4
DA:141,4
DA:142,1
DA:144,3
DA:146,4
DA:149,2
DA:153,57
DA:154,150
DA:155,12
DA:156,12
DA:158,12
DA:159,150
DA:162,57
DA:163,150
DA:165,142
DA:166,142
DA:167,142
DA:169,150
DA:180,150
DA:182,150
DA:187,7
DA:204,6
DA:211,57
DA:212,2
DA:218,4
DA:223,57
DA:224,6
DA:226,6
DA:227,2
DA:228,1
DA:230,1
DA:233,4
DA:234,1
DA:238,3
DA:240,6
DA:245,3
DA:248,57
DA:276,4
DA:285,142
DA:286,2
DA:288,140
LF:66
LH:66
BRDA:67,0,0,142
BRDA:67,0,1,2
BRDA:95,1,0,57
BRDA:99,2,0,57
BRDA:101,3,0,57
BRDA:102,4,0,57
BRDA:103,5,0,57
BRDA:104,6,0,57
BRDA:107,7,0,41
BRDA:107,7,1,4
BRDA:107,8,0,45
BRDA:107,8,1,41
BRDA:109,9,0,1
BRDA:109,9,1,40
BRDA:118,10,0,5
BRDA:118,10,1,52
BRDA:122,11,0,4
BRDA:122,11,1,0
BRDA:124,12,0,1
BRDA:124,12,1,3
BRDA:124,13,0,4
BRDA:124,13,1,1
BRDA:132,14,0,1
BRDA:132,14,1,6
BRDA:137,15,0,4
BRDA:137,15,1,2
BRDA:137,16,0,6
BRDA:137,16,1,4
BRDA:141,17,0,1
BRDA:141,17,1,3
BRDA:154,18,0,138
BRDA:154,18,1,12
BRDA:158,19,0,12
BRDA:158,19,1,12
BRDA:159,20,0,150
BRDA:159,20,1,8
BRDA:162,21,0,150
BRDA:163,22,0,8
BRDA:163,22,1,142
BRDA:167,23,0,142
BRDA:167,23,1,9
BRDA:171,24,0,150
BRDA:171,24,1,2
BRDA:172,25,0,150
BRDA:172,25,1,9
BRDA:173,26,0,150
BRDA:173,26,1,3
BRDA:174,27,0,150
BRDA:174,27,1,6
BRDA:175,28,0,150
BRDA:175,28,1,2
BRDA:180,29,0,2
BRDA:180,29,1,140
BRDA:188,30,0,29
BRDA:188,30,1,113
BRDA:188,31,0,29
BRDA:188,31,1,28
BRDA:189,32,0,2
BRDA:189,32,1,140
BRDA:190,33,0,9
BRDA:190,33,1,133
BRDA:192,34,0,150
BRDA:192,34,1,103
BRDA:194,35,0,150
BRDA:194,35,1,2
BRDA:195,36,0,150
BRDA:195,36,1,9
BRDA:195,36,2,9
BRDA:197,37,0,3
BRDA:197,37,1,6
BRDA:202,38,0,150
BRDA:202,38,1,9
BRDA:202,38,2,9
BRDA:202,38,3,3
BRDA:215,39,0,2
BRDA:215,39,1,0
BRDA:224,40,0,0
BRDA:224,40,1,6
BRDA:226,41,0,2
BRDA:226,41,1,4
BRDA:227,42,0,1
BRDA:227,42,1,1
BRDA:233,43,0,1
BRDA:233,43,1,3
BRDA:250,44,0,11
BRDA:250,44,1,46
BRDA:256,45,0,57
BRDA:256,45,1,1
BRDA:261,46,0,11
BRDA:261,46,1,46
BRDA:264,47,0,11
BRDA:264,47,1,46
BRDA:269,48,0,57
BRDA:269,48,1,8
BRDA:269,48,2,7
BRDA:285,49,0,2
BRDA:285,49,1,140
BRDA:293,50,0,57
BRDA:293,50,1,6
BRDA:299,51,0,6
BRDA:299,51,1,2
BRF:101
BRH:98
end_of_record
TN:
SF:src/components/Slider/Slider.module.css
FNF:0
FNH:0
LF:0
LH:0
BRF:0
BRH:0
end_of_record
TN:
SF:src/components/Slider/Slider.tsx
FN:81,(anonymous_0)
FN:100,(anonymous_1)
FN:108,(anonymous_2)
FN:117,(anonymous_3)
FN:133,(anonymous_4)
FN:193,(anonymous_5)
FN:202,(anonymous_6)
FN:216,(anonymous_7)
FN:227,(anonymous_8)
FN:238,(anonymous_9)
FNF:10
FNH:10
FNDA:56,(anonymous_0)
FNDA:56,(anonymous_1)
FNDA:34,(anonymous_2)
FNDA:2,(anonymous_3)
FNDA:3,(anonymous_4)
FNDA:28,(anonymous_5)
FNDA:1,(anonymous_6)
FNDA:5,(anonymous_7)
FNDA:4,(anonymous_8)
FNDA:3,(anonymous_9)
DA:81,1
DA:82,56
DA:100,1
DA:101,56
DA:102,24
DA:104,32
DA:108,1
DA:117,2
DA:128,34
DA:129,34
DA:130,34
DA:132,34
DA:134,3
DA:135,3
DA:136,2
DA:138,3
DA:143,34
DA:144,34
DA:146,34
DA:193,1
DA:202,1
DA:210,28
DA:211,28
DA:212,28
DA:213,28
DA:215,28
DA:217,5
DA:218,5
DA:219,4
DA:221,5
DA:226,28
DA:228,4
DA:230,4
DA:231,3
DA:237,28
DA:239,3
DA:241,3
DA:242,2
DA:249,28
DA:250,28
DA:252,28
DA:254,28
DA:315,1
LF:43
LH:43
BRDA:82,0,0,56
BRDA:82,0,1,24
BRDA:101,1,0,24
BRDA:101,1,1,32
BRDA:110,2,0,34
BRDA:111,3,0,34
BRDA:112,4,0,34
BRDA:113,5,0,34
BRDA:114,6,0,34
BRDA:116,7,0,34
BRDA:117,8,0,2
BRDA:118,9,0,34
BRDA:130,10,0,2
BRDA:130,10,1,32
BRDA:135,11,0,2
BRDA:135,11,1,1
BRDA:144,12,0,34
BRDA:144,12,1,32
BRDA:148,13,0,34
BRDA:148,13,1,7
BRDA:148,13,2,2
BRDA:154,14,0,34
BRDA:154,14,1,7
BRDA:154,14,2,5
BRDA:156,15,0,3
BRDA:156,15,1,31
BRDA:157,16,0,34
BRDA:157,16,1,2
BRDA:168,17,0,34
BRDA:168,17,1,7
BRDA:168,18,0,6
BRDA:168,18,1,1
BRDA:174,19,0,34
BRDA:174,19,1,2
BRDA:175,20,0,34
BRDA:175,20,1,4
BRDA:175,20,2,1
BRDA:180,21,0,34
BRDA:180,21,1,2
BRDA:182,22,0,2
BRDA:182,22,1,1
BRDA:183,23,0,2
BRDA:183,23,1,1
BRDA:187,24,0,34
BRDA:187,24,1,2
BRDA:195,25,0,28
BRDA:196,26,0,28
BRDA:197,27,0,28
BRDA:198,28,0,28
BRDA:199,29,0,28
BRDA:201,30,0,28
BRDA:202,31,0,1
BRDA:203,32,0,28
BRDA:212,33,0,2
BRDA:212,33,1,26
BRDA:218,34,0,4
BRDA:218,34,1,1
BRDA:230,35,0,3
BRDA:230,35,1,1
BRDA:241,36,0,2
BRDA:241,36,1,1
BRDA:256,37,0,28
BRDA:256,37,1,5
BRDA:256,37,2,2
BRDA:262,38,0,28
BRDA:262,38,1,5
BRDA:262,38,2,3
BRDA:303,39,0,28
BRDA:303,39,1,2
BRDA:305,40,0,2
BRDA:305,40,1,1
BRDA:306,41,0,2
BRDA:306,41,1,1
BRDA:310,42,0,28
BRDA:310,42,1,1
BRF:75
BRH:75
end_of_record
TN:
SF:src/components/Steps/Steps.module.css
FNF:0
FNH:0
LF:0
LH:0
BRF:0
BRH:0
end_of_record
TN:
SF:src/components/Steps/Steps.tsx
FN:53,(anonymous_0)
FN:72,(anonymous_1)
FN:94,(anonymous_2)
FN:103,(anonymous_3)
FN:128,(anonymous_4)
FN:165,(anonymous_5)
FNF:6
FNH:6
FNDA:38,(anonymous_0)
FNDA:90,(anonymous_1)
FNDA:2,(anonymous_2)
FNDA:90,(anonymous_3)
FNDA:90,(anonymous_4)
FNDA:2,(anonymous_5)
DA:53,1
DA:62,38
DA:72,38
DA:74,90
DA:75,6
DA:77,2
DA:79,1
DA:81,2
DA:83,1
DA:88,84
DA:89,71
DA:90,40
DA:91,39
DA:94,38
DA:95,2
DA:98,2
DA:99,2
DA:103,38
DA:105,90
DA:106,2
DA:110,88
DA:111,15
DA:114,73
DA:115,2
DA:119,71
DA:122,38
DA:129,90
DA:130,90
DA:132,90
DA:141,90
DA:156,90
DA:160,90
DA:161,12
DA:165,2
DA:175,78
DA:190,1
LF:36
LH:36
BRDA:55,0,0,38
BRDA:56,1,0,38
BRDA:57,2,0,38
BRDA:58,3,0,38
BRDA:64,4,0,38
BRDA:64,4,1,2
BRDA:65,5,0,38
BRDA:65,5,1,1
BRDA:66,6,0,38
BRDA:66,6,1,6
BRDA:74,7,0,6
BRDA:74,7,1,84
BRDA:75,8,0,2
BRDA:75,8,1,1
BRDA:75,8,2,2
BRDA:75,8,3,1
BRDA:88,9,0,13
BRDA:88,9,1,71
BRDA:89,10,0,31
BRDA:89,10,1,40
BRDA:90,11,0,1
BRDA:90,11,1,39
BRDA:95,12,0,0
BRDA:95,12,1,2
BRDA:95,13,0,2
BRDA:95,13,1,2
BRDA:98,14,0,2
BRDA:98,14,1,0
BRDA:105,15,0,2
BRDA:105,15,1,88
BRDA:110,16,0,15
BRDA:110,16,1,73
BRDA:114,17,0,2
BRDA:114,17,1,71
BRDA:130,18,0,90
BRDA:130,18,1,18
BRDA:130,18,2,17
BRDA:135,19,0,90
BRDA:135,19,1,12
BRDA:147,20,0,90
BRDA:147,20,1,73
BRDA:157,21,0,89
BRDA:157,21,1,1
BRDA:160,22,0,12
BRDA:160,22,1,78
BRDA:167,23,0,6
BRDA:167,23,1,6
BRDA:180,24,0,26
BRDA:180,24,1,52
BRF:49
BRH:47
end_of_record
TN:
SF:src/components/Tabs/Tabs.module.css
FNF:0
FNH:0
LF:0
LH:0
BRF:0
BRH:0
end_of_record
TN:
SF:src/components/Tabs/Tabs.tsx
FN:19,(anonymous_0)
FN:39,(anonymous_1)
FN:53,(anonymous_2)
FN:88,(anonymous_3)
FN:122,(anonymous_4)
FN:135,(anonymous_5)
FN:173,(anonymous_6)
FN:211,(anonymous_7)
FNF:8
FNH:8
FNDA:172,(anonymous_0)
FNDA:27,(anonymous_1)
FNDA:5,(anonymous_2)
FNDA:27,(anonymous_3)
FNDA:74,(anonymous_4)
FNDA:5,(anonymous_5)
FNDA:71,(anonymous_6)
FNDA:21,(anonymous_7)
DA:17,1
DA:19,1
DA:20,172
DA:21,172
DA:22,0
DA:24,172
DA:39,1
DA:49,27
DA:50,27
DA:51,27
DA:53,27
DA:54,5
DA:55,4
DA:57,5
DA:60,27
DA:68,27
DA:75,27
DA:88,1
DA:89,27
DA:91,27
DA:104,27
DA:122,1
DA:132,74
DA:133,74
DA:135,74
DA:136,5
DA:137,5
DA:141,74
DA:143,74
DA:173,1
DA:180,71
DA:181,71
DA:183,71
DA:187,71
DA:188,45
DA:191,26
DA:211,1
DA:212,21
DA:214,21
DA:222,1
DA:223,1
DA:224,1
DA:225,1
DA:226,1
LF:44
LH:43
BRDA:21,0,0,0
BRDA:21,0,1,172
BRDA:43,1,0,27
BRDA:44,2,0,27
BRDA:45,3,0,27
BRDA:47,4,0,27
BRDA:49,5,0,27
BRDA:49,5,1,2
BRDA:51,6,0,2
BRDA:51,6,1,25
BRDA:54,7,0,4
BRDA:54,7,1,1
BRDA:69,8,0,27
BRDA:69,8,1,0
BRDA:88,9,0,27
BRDA:93,10,0,27
BRDA:93,10,1,1
BRDA:94,11,0,27
BRDA:94,11,1,1
BRDA:95,12,0,27
BRDA:95,12,1,0
BRDA:96,13,0,27
BRDA:96,13,1,1
BRDA:97,14,0,27
BRDA:97,14,1,1
BRDA:98,15,0,27
BRDA:98,15,1,0
BRDA:128,16,0,74
BRDA:129,17,0,74
BRDA:136,18,0,5
BRDA:136,18,1,0
BRDA:141,19,0,74
BRDA:141,19,1,27
BRDA:153,20,0,74
BRDA:153,20,1,0
BRDA:155,21,0,74
BRDA:155,21,1,0
BRDA:156,22,0,74
BRDA:156,22,1,0
BRDA:157,23,0,0
BRDA:157,23,1,0
BRDA:176,24,0,71
BRDA:177,25,0,71
BRDA:183,26,0,71
BRDA:183,26,1,25
BRDA:187,27,0,45
BRDA:187,27,1,26
BRDA:187,28,0,71
BRDA:187,28,1,46
BRDA:211,29,0,21
BRF:50
BRH:40
end_of_record
TN:
SF:src/components/Tag/Tag.module.css
FNF:0
FNH:0
LF:0
LH:0
BRF:0
BRH:0
end_of_record
TN:
SF:src/components/Tag/Tag.tsx
FN:39,(anonymous_0)
FN:59,(anonymous_1)
FN:114,(anonymous_2)
FN:127,(anonymous_3)
FNF:4
FNH:4
FNDA:34,(anonymous_0)
FNDA:2,(anonymous_1)
FNDA:7,(anonymous_2)
FNDA:12,(anonymous_3)
DA:39,1
DA:50,34
DA:59,34
DA:60,2
DA:61,2
DA:64,34
DA:66,34
DA:89,1
DA:114,1
DA:119,7
DA:121,7
DA:128,12
DA:134,1
LF:13
LH:13
BRDA:41,0,0,34
BRDA:42,1,0,34
BRDA:43,2,0,34
BRDA:45,3,0,34
BRDA:52,4,0,34
BRDA:52,4,1,8
BRDA:53,5,0,34
BRDA:53,5,1,2
BRDA:54,6,0,34
BRDA:54,6,1,4
BRDA:55,7,0,34
BRDA:55,7,1,2
BRDA:64,8,0,2
BRDA:64,8,1,32
BRDA:69,9,0,2
BRDA:69,9,1,32
BRDA:70,10,0,2
BRDA:70,10,1,32
BRDA:71,11,0,2
BRDA:71,11,1,32
BRDA:73,12,0,34
BRDA:73,12,1,1
BRDA:75,13,0,34
BRDA:75,13,1,4
BRF:24
BRH:24
end_of_record
TN:
SF:src/components/Textarea/Textarea.module.css
FNF:0
FNH:0
LF:0
LH:0
BRF:0
BRH:0
end_of_record
TN:
SF:src/components/Textarea/Textarea.tsx
FN:84,(anonymous_0)
FN:113,(anonymous_1)
FN:122,(anonymous_2)
FN:143,(anonymous_3)
FNF:4
FNH:4
FNDA:80,(anonymous_0)
FNDA:54,(anonymous_1)
FNDA:21,(anonymous_2)
FNDA:80,(anonymous_3)
DA:83,1
DA:109,80
DA:110,80
DA:113,80
DA:114,54
DA:115,6
DA:116,48
DA:117,3
DA:122,80
DA:123,21
DA:124,21
DA:128,80
DA:135,80
DA:143,80
DA:144,80
DA:145,76
DA:146,75
DA:147,74
DA:150,80
DA:153,80
DA:161,80
DA:168,80
DA:224,1
LF:23
LH:23
BRDA:86,0,0,80
BRDA:87,1,0,80
BRDA:93,2,0,80
BRDA:94,3,0,80
BRDA:95,4,0,80
BRDA:96,5,0,80
BRDA:97,6,0,80
BRDA:99,7,0,80
BRDA:109,8,0,80
BRDA:109,8,1,79
BRDA:114,9,0,6
BRDA:114,9,1,48
BRDA:116,10,0,3
BRDA:116,10,1,45
BRDA:144,11,0,4
BRDA:144,11,1,76
BRDA:144,12,0,80
BRDA:144,12,1,5
BRDA:145,13,0,1
BRDA:145,13,1,75
BRDA:145,14,0,76
BRDA:145,14,1,1
BRDA:146,15,0,1
BRDA:146,15,1,74
BRDA:146,16,0,75
BRDA:146,16,1,1
BRDA:171,17,0,1
BRDA:171,17,1,79
BRDA:174,18,0,80
BRDA:174,18,1,12
BRDA:177,19,0,12
BRDA:177,19,1,2
BRDA:191,20,0,8
BRDA:191,20,1,72
BRDA:193,21,0,80
BRDA:193,21,1,72
BRDA:193,21,2,22
BRDA:197,22,0,22
BRDA:197,22,1,8
BRDA:205,23,0,22
BRDA:205,23,1,14
BRDA:207,24,0,2
BRDA:207,24,1,12
BRDA:212,25,0,12
BRDA:212,25,1,7
BRF:45
BRH:45
end_of_record
TN:
SF:src/components/Toast/Toast.module.css
FNF:0
FNH:0
LF:0
LH:0
BRF:0
BRH:0
end_of_record
TN:
SF:src/components/Toast/Toast.tsx
FN:30,(anonymous_0)
FN:39,(anonymous_1)
FN:41,(anonymous_2)
FN:45,(anonymous_3)
FN:49,(anonymous_4)
FNF:5
FNH:5
FNDA:17,(anonymous_0)
FNDA:17,(anonymous_1)
FNDA:1,(anonymous_2)
FNDA:2,(anonymous_3)
FNDA:1,(anonymous_4)
DA:23,1
DA:30,1
DA:37,17
DA:39,17
DA:40,17
DA:41,2
DA:42,1
DA:45,2
DA:49,17
DA:50,1
DA:53,17
DA:73,1
LF:12
LH:12
BRDA:31,0,0,17
BRDA:34,1,0,17
BRDA:40,2,0,2
BRDA:40,2,1,15
BRDA:40,3,0,17
BRDA:40,3,1,3
BRDA:57,4,0,17
BRDA:57,4,1,2
BRDA:60,5,0,17
BRDA:60,5,1,6
BRF:10
BRH:10
end_of_record
TN:
SF:src/components/Toggle/Toggle.module.css
FNF:0
FNH:0
LF:0
LH:0
BRF:0
BRH:0
end_of_record
TN:
SF:src/components/Toggle/Toggle.tsx
FN:54,(anonymous_0)
FN:73,(anonymous_1)
FNF:2
FNH:2
FNDA:25,(anonymous_0)
FNDA:7,(anonymous_1)
DA:53,1
DA:70,25
DA:73,25
DA:74,7
DA:75,3
DA:80,25
DA:86,25
DA:111,1
LF:8
LH:8
BRDA:57,0,0,25
BRDA:60,1,0,25
BRDA:64,2,0,25
BRDA:70,3,0,25
BRDA:70,3,1,24
BRDA:74,4,0,3
BRDA:74,4,1,4
BRDA:74,5,0,7
BRDA:74,5,1,7
BRDA:105,6,0,25
BRDA:105,6,1,13
BRF:11
BRH:11
end_of_record
